2025-10-11 06:37:22.148 [main] INFO  c.d.d.DemoApplication - Starting DemoApplication using Java 21.0.7 with PID 10184 (D:\project\MC_PR\WEB\demo\build\classes\java\main started by khona in D:\project\MC_PR\WEB\demo)
2025-10-11 06:37:22.149 [main] INFO  c.d.d.DemoApplication - No active profile set, falling back to 1 default profile: "default"
2025-10-11 06:37:22.509 [main] INFO  o.s.d.r.c.RepositoryConfigurationDelegate - Bootstrapping Spring Data JPA repositories in DEFAULT mode.
2025-10-11 06:37:22.524 [main] INFO  o.s.d.r.c.RepositoryConfigurationDelegate - Finished Spring Data repository scanning in 8 ms. Found 0 JPA repository interfaces.
2025-10-11 06:37:22.872 [main] INFO  o.s.b.w.e.t.TomcatWebServer - Tomcat initialized with port 8080 (http)
2025-10-11 06:37:22.885 [main] INFO  o.a.c.h.Http11NioProtocol - Initializing ProtocolHandler ["http-nio-8080"]
2025-10-11 06:37:22.886 [main] INFO  o.a.c.c.StandardService - Starting service [Tomcat]
2025-10-11 06:37:22.887 [main] INFO  o.a.c.c.StandardEngine - Starting Servlet engine: [Apache Tomcat/10.1.46]
2025-10-11 06:37:22.927 [main] INFO  o.a.c.c.C.[.[.[/] - Initializing Spring embedded WebApplicationContext
2025-10-11 06:37:22.928 [main] INFO  o.s.b.w.s.c.ServletWebServerApplicationContext - Root WebApplicationContext: initialization completed in 753 ms
2025-10-11 06:37:23.047 [main] INFO  o.h.j.i.u.LogHelper - HHH000204: Processing PersistenceUnitInfo [name: default]
2025-10-11 06:37:23.088 [main] INFO  o.h.Version - HHH000412: Hibernate ORM core version 6.6.29.Final
2025-10-11 06:37:23.115 [main] INFO  o.h.c.i.RegionFactoryInitiator - HHH000026: Second-level cache disabled
2025-10-11 06:37:23.328 [main] INFO  o.s.o.j.p.SpringPersistenceUnitInfo - No LoadTimeWeaver setup: ignoring JPA class transformer
2025-10-11 06:37:23.349 [main] INFO  c.z.h.HikariDataSource - HikariPool-1 - Starting...
2025-10-11 06:37:23.497 [main] INFO  c.z.h.p.HikariPool - HikariPool-1 - Added connection conn0: url=jdbc:h2:file:./data/dev user=SA
2025-10-11 06:37:23.499 [main] INFO  c.z.h.HikariDataSource - HikariPool-1 - Start completed.
2025-10-11 06:37:23.515 [main] WARN  o.h.o.deprecation - HHH90000025: H2Dialect does not need to be specified explicitly using 'hibernate.dialect' (remove the property setting and it will be selected by default)
2025-10-11 06:37:23.527 [main] INFO  o.h.o.c.pooling - HHH10001005: Database info:
	Database JDBC URL [Connecting through datasource 'HikariDataSource (HikariPool-1)']
	Database driver: undefined/unknown
	Database version: 2.3.232
	Autocommit mode: undefined/unknown
	Isolation level: undefined/unknown
	Minimum pool size: undefined/unknown
	Maximum pool size: undefined/unknown
2025-10-11 06:37:23.735 [main] INFO  o.h.e.t.j.p.i.JtaPlatformInitiator - HHH000489: No JTA platform available (set 'hibernate.transaction.jta.platform' to enable JTA platform integration)
2025-10-11 06:37:23.738 [main] INFO  o.s.o.j.LocalContainerEntityManagerFactoryBean - Initialized JPA EntityManagerFactory for persistence unit 'default'
2025-10-11 06:37:23.760 [main] WARN  o.s.b.a.o.j.JpaBaseConfiguration$JpaWebConfiguration - spring.jpa.open-in-view is enabled by default. Therefore, database queries may be performed during view rendering. Explicitly configure spring.jpa.open-in-view to disable this warning
2025-10-11 06:37:23.920 [main] INFO  o.s.b.a.h.H2ConsoleAutoConfiguration - H2 console available at '/h2-console'. Database available at 'jdbc:h2:file:./data/dev'
2025-10-11 06:37:23.952 [main] INFO  o.a.c.h.Http11NioProtocol - Starting ProtocolHandler ["http-nio-8080"]
2025-10-11 06:37:23.962 [main] INFO  o.s.b.w.e.t.TomcatWebServer - Tomcat started on port 8080 (http) with context path '/'
2025-10-11 06:37:23.966 [main] INFO  c.d.d.DemoApplication - Started DemoApplication in 2.14 seconds (process running for 2.499)
2025-10-11 06:40:23.575 [http-nio-8080-exec-1] INFO  o.a.c.c.C.[.[.[/] - Initializing Spring DispatcherServlet 'dispatcherServlet'
2025-10-11 06:40:23.576 [http-nio-8080-exec-1] INFO  o.s.w.s.DispatcherServlet - Initializing Servlet 'dispatcherServlet'
2025-10-11 06:40:23.581 [http-nio-8080-exec-1] INFO  o.s.w.s.DispatcherServlet - Completed initialization in 4 ms
2025-10-11 06:40:23.636 [http-nio-8080-exec-1] INFO  c.d.d.c.ResourcePackController - Received resource pack upload request
2025-10-11 06:40:23.637 [http-nio-8080-exec-1] INFO  c.d.d.c.ResourcePackController - SHA1: cecacfe6b95e73eb5193265776905a5a4bf59713
2025-10-11 06:40:23.637 [http-nio-8080-exec-1] INFO  c.d.d.c.ResourcePackController - Filename: resourcepack.zip
2025-10-11 07:05:10.686 [http-nio-8080-exec-2] INFO  c.d.d.c.ResourcePackController - Received resource pack upload request
2025-10-11 07:05:10.687 [http-nio-8080-exec-2] INFO  c.d.d.c.ResourcePackController - SHA1: cecacfe6b95e73eb5193265776905a5a4bf59713
2025-10-11 07:05:10.687 [http-nio-8080-exec-2] INFO  c.d.d.c.ResourcePackController - Filename: resourcepack.zip
2025-10-11 07:08:22.347 [http-nio-8080-exec-3] INFO  c.d.d.c.ResourcePackController - Received resource pack upload request
2025-10-11 07:08:22.347 [http-nio-8080-exec-3] INFO  c.d.d.c.ResourcePackController - SHA1: cecacfe6b95e73eb5193265776905a5a4bf59713
2025-10-11 07:08:22.347 [http-nio-8080-exec-3] INFO  c.d.d.c.ResourcePackController - Filename: resourcepack.zip
2025-10-11 07:17:52.951 [http-nio-8080-exec-4] INFO  c.d.d.c.ResourcePackController - Received resource pack upload request
2025-10-11 07:17:52.951 [http-nio-8080-exec-4] INFO  c.d.d.c.ResourcePackController - SHA1: cecacfe6b95e73eb5193265776905a5a4bf59713
2025-10-11 07:17:52.951 [http-nio-8080-exec-4] INFO  c.d.d.c.ResourcePackController - Filename: resourcepack.zip
2025-10-11 07:20:37.172 [http-nio-8080-exec-6] INFO  c.d.d.c.ResourcePackController - Received resource pack upload request
2025-10-11 07:20:37.172 [http-nio-8080-exec-6] INFO  c.d.d.c.ResourcePackController - SHA1: cecacfe6b95e73eb5193265776905a5a4bf59713
2025-10-11 07:20:37.172 [http-nio-8080-exec-6] INFO  c.d.d.c.ResourcePackController - Filename: resourcepack.zip
2025-10-11 07:29:30.441 [http-nio-8080-exec-8] INFO  c.d.d.c.ResourcePackController - Received resource pack upload request
2025-10-11 07:29:30.441 [http-nio-8080-exec-8] INFO  c.d.d.c.ResourcePackController - SHA1: cecacfe6b95e73eb5193265776905a5a4bf59713
2025-10-11 07:29:30.441 [http-nio-8080-exec-8] INFO  c.d.d.c.ResourcePackController - Filename: resourcepack.zip
2025-10-11 07:38:19.810 [http-nio-8080-exec-10] INFO  c.d.d.c.ResourcePackController - Received resource pack upload request
2025-10-11 07:38:19.810 [http-nio-8080-exec-10] INFO  c.d.d.c.ResourcePackController - SHA1: cecacfe6b95e73eb5193265776905a5a4bf59713
2025-10-11 07:38:19.810 [http-nio-8080-exec-10] INFO  c.d.d.c.ResourcePackController - Filename: resourcepack.zip
2025-10-11 07:40:16.659 [http-nio-8080-exec-2] INFO  c.d.d.c.ResourcePackController - Received resource pack upload request
2025-10-11 07:40:16.659 [http-nio-8080-exec-2] INFO  c.d.d.c.ResourcePackController - SHA1: cecacfe6b95e73eb5193265776905a5a4bf59713
2025-10-11 07:40:16.659 [http-nio-8080-exec-2] INFO  c.d.d.c.ResourcePackController - Filename: resourcepack.zip
2025-10-11 07:44:20.381 [http-nio-8080-exec-4] INFO  c.d.d.c.ResourcePackController - Received resource pack upload request
2025-10-11 07:44:20.381 [http-nio-8080-exec-4] INFO  c.d.d.c.ResourcePackController - SHA1: cecacfe6b95e73eb5193265776905a5a4bf59713
2025-10-11 07:44:20.381 [http-nio-8080-exec-4] INFO  c.d.d.c.ResourcePackController - Filename: resourcepack.zip
2025-10-11 07:46:42.506 [http-nio-8080-exec-6] INFO  c.d.d.c.ResourcePackController - Received resource pack upload request
2025-10-11 07:46:42.506 [http-nio-8080-exec-6] INFO  c.d.d.c.ResourcePackController - SHA1: cecacfe6b95e73eb5193265776905a5a4bf59713
2025-10-11 07:46:42.506 [http-nio-8080-exec-6] INFO  c.d.d.c.ResourcePackController - Filename: resourcepack.zip
2025-10-11 07:49:00.712 [http-nio-8080-exec-8] INFO  c.d.d.c.ResourcePackController - Received resource pack upload request
2025-10-11 07:49:00.712 [http-nio-8080-exec-8] INFO  c.d.d.c.ResourcePackController - SHA1: cecacfe6b95e73eb5193265776905a5a4bf59713
2025-10-11 07:49:00.712 [http-nio-8080-exec-8] INFO  c.d.d.c.ResourcePackController - Filename: resourcepack.zip
2025-10-11 07:51:55.964 [http-nio-8080-exec-10] INFO  c.d.d.c.ResourcePackController - Received resource pack upload request
2025-10-11 07:51:55.964 [http-nio-8080-exec-10] INFO  c.d.d.c.ResourcePackController - SHA1: cecacfe6b95e73eb5193265776905a5a4bf59713
2025-10-11 07:51:55.964 [http-nio-8080-exec-10] INFO  c.d.d.c.ResourcePackController - Filename: resourcepack.zip
2025-10-11 07:56:15.434 [http-nio-8080-exec-2] INFO  c.d.d.c.ResourcePackController - Received resource pack upload request
2025-10-11 07:56:15.434 [http-nio-8080-exec-2] INFO  c.d.d.c.ResourcePackController - SHA1: cecacfe6b95e73eb5193265776905a5a4bf59713
2025-10-11 07:56:15.434 [http-nio-8080-exec-2] INFO  c.d.d.c.ResourcePackController - Filename: resourcepack.zip
2025-10-11 07:57:54.072 [http-nio-8080-exec-4] INFO  c.d.d.c.ResourcePackController - Received resource pack upload request
2025-10-11 07:57:54.072 [http-nio-8080-exec-4] INFO  c.d.d.c.ResourcePackController - SHA1: cecacfe6b95e73eb5193265776905a5a4bf59713
2025-10-11 07:57:54.072 [http-nio-8080-exec-4] INFO  c.d.d.c.ResourcePackController - Filename: resourcepack.zip
2025-10-11 08:02:19.875 [http-nio-8080-exec-6] INFO  c.d.d.c.ResourcePackController - Received resource pack upload request
2025-10-11 08:02:19.875 [http-nio-8080-exec-6] INFO  c.d.d.c.ResourcePackController - SHA1: cecacfe6b95e73eb5193265776905a5a4bf59713
2025-10-11 08:02:19.875 [http-nio-8080-exec-6] INFO  c.d.d.c.ResourcePackController - Filename: resourcepack.zip
2025-10-11 08:04:01.576 [http-nio-8080-exec-8] INFO  c.d.d.c.ResourcePackController - Received resource pack upload request
2025-10-11 08:04:01.577 [http-nio-8080-exec-8] INFO  c.d.d.c.ResourcePackController - SHA1: cecacfe6b95e73eb5193265776905a5a4bf59713
2025-10-11 08:04:01.577 [http-nio-8080-exec-8] INFO  c.d.d.c.ResourcePackController - Filename: resourcepack.zip
2025-10-11 08:04:22.540 [http-nio-8080-exec-10] INFO  c.d.d.c.ResourcePackController - Received resource pack upload request
2025-10-11 08:04:22.540 [http-nio-8080-exec-10] INFO  c.d.d.c.ResourcePackController - SHA1: cecacfe6b95e73eb5193265776905a5a4bf59713
2025-10-11 08:04:22.540 [http-nio-8080-exec-10] INFO  c.d.d.c.ResourcePackController - Filename: resourcepack.zip
2025-10-11 11:19:01.343 [SpringApplicationShutdownHook] INFO  o.s.b.w.e.t.GracefulShutdown - Commencing graceful shutdown. Waiting for active requests to complete
2025-10-11 11:19:01.354 [tomcat-shutdown] INFO  o.s.b.w.e.t.GracefulShutdown - Graceful shutdown complete
2025-10-11 11:19:01.370 [SpringApplicationShutdownHook] INFO  o.s.o.j.LocalContainerEntityManagerFactoryBean - Closing JPA EntityManagerFactory for persistence unit 'default'
2025-10-11 11:19:01.386 [SpringApplicationShutdownHook] INFO  c.z.h.HikariDataSource - HikariPool-1 - Shutdown initiated...
2025-10-11 11:19:01.473 [SpringApplicationShutdownHook] INFO  c.z.h.HikariDataSource - HikariPool-1 - Shutdown completed.
2025-10-11 12:18:33.263 [main] INFO  c.d.d.DemoApplication - Starting DemoApplication using Java 21.0.8 with PID 2140 (C:\Project\git\WEB\demo\build\classes\java\main started by khona in C:\Project\git\WEB\demo)
2025-10-11 12:18:33.264 [main] INFO  c.d.d.DemoApplication - No active profile set, falling back to 1 default profile: "default"
2025-10-11 12:18:33.743 [main] INFO  o.s.d.r.c.RepositoryConfigurationDelegate - Bootstrapping Spring Data JPA repositories in DEFAULT mode.
2025-10-11 12:18:33.758 [main] INFO  o.s.d.r.c.RepositoryConfigurationDelegate - Finished Spring Data repository scanning in 8 ms. Found 0 JPA repository interfaces.
2025-10-11 12:18:34.075 [main] INFO  o.s.b.w.e.t.TomcatWebServer - Tomcat initialized with port 8080 (http)
2025-10-11 12:18:34.089 [main] INFO  o.a.c.h.Http11NioProtocol - Initializing ProtocolHandler ["http-nio-8080"]
2025-10-11 12:18:34.090 [main] INFO  o.a.c.c.StandardService - Starting service [Tomcat]
2025-10-11 12:18:34.091 [main] INFO  o.a.c.c.StandardEngine - Starting Servlet engine: [Apache Tomcat/10.1.46]
2025-10-11 12:18:34.135 [main] INFO  o.a.c.c.C.[.[.[/] - Initializing Spring embedded WebApplicationContext
2025-10-11 12:18:34.136 [main] INFO  o.s.b.w.s.c.ServletWebServerApplicationContext - Root WebApplicationContext: initialization completed in 844 ms
2025-10-11 12:18:34.284 [main] INFO  o.h.j.i.u.LogHelper - HHH000204: Processing PersistenceUnitInfo [name: default]
2025-10-11 12:18:34.358 [main] INFO  o.h.Version - HHH000412: Hibernate ORM core version 6.6.29.Final
2025-10-11 12:18:34.402 [main] INFO  o.h.c.i.RegionFactoryInitiator - HHH000026: Second-level cache disabled
2025-10-11 12:18:34.893 [main] INFO  o.s.o.j.p.SpringPersistenceUnitInfo - No LoadTimeWeaver setup: ignoring JPA class transformer
2025-10-11 12:18:34.920 [main] INFO  c.z.h.HikariDataSource - HikariPool-1 - Starting...
2025-10-11 12:18:35.142 [main] INFO  c.z.h.p.HikariPool - HikariPool-1 - Added connection conn0: url=jdbc:h2:file:./data/dev user=SA
2025-10-11 12:18:35.143 [main] INFO  c.z.h.HikariDataSource - HikariPool-1 - Start completed.
2025-10-11 12:18:35.166 [main] WARN  o.h.o.deprecation - HHH90000025: H2Dialect does not need to be specified explicitly using 'hibernate.dialect' (remove the property setting and it will be selected by default)
2025-10-11 12:18:35.183 [main] INFO  o.h.o.c.pooling - HHH10001005: Database info:
	Database JDBC URL [Connecting through datasource 'HikariDataSource (HikariPool-1)']
	Database driver: undefined/unknown
	Database version: 2.3.232
	Autocommit mode: undefined/unknown
	Isolation level: undefined/unknown
	Minimum pool size: undefined/unknown
	Maximum pool size: undefined/unknown
2025-10-11 12:18:35.472 [main] INFO  o.h.e.t.j.p.i.JtaPlatformInitiator - HHH000489: No JTA platform available (set 'hibernate.transaction.jta.platform' to enable JTA platform integration)
2025-10-11 12:18:35.476 [main] INFO  o.s.o.j.LocalContainerEntityManagerFactoryBean - Initialized JPA EntityManagerFactory for persistence unit 'default'
2025-10-11 12:18:35.505 [main] WARN  o.s.b.a.o.j.JpaBaseConfiguration$JpaWebConfiguration - spring.jpa.open-in-view is enabled by default. Therefore, database queries may be performed during view rendering. Explicitly configure spring.jpa.open-in-view to disable this warning
2025-10-11 12:18:35.735 [main] INFO  o.s.b.a.h.H2ConsoleAutoConfiguration - H2 console available at '/h2-console'. Database available at 'jdbc:h2:file:./data/dev'
2025-10-11 12:18:35.788 [main] INFO  o.a.c.h.Http11NioProtocol - Starting ProtocolHandler ["http-nio-8080"]
2025-10-11 12:18:35.803 [main] INFO  o.s.b.w.e.t.TomcatWebServer - Tomcat started on port 8080 (http) with context path '/'
2025-10-11 12:18:35.810 [main] INFO  c.d.d.DemoApplication - Started DemoApplication in 3.05 seconds (process running for 3.591)
2025-10-11 13:23:53.706 [http-nio-8080-exec-1] INFO  o.a.c.c.C.[.[.[/] - Initializing Spring DispatcherServlet 'dispatcherServlet'
2025-10-11 13:23:53.708 [http-nio-8080-exec-1] INFO  o.s.w.s.DispatcherServlet - Initializing Servlet 'dispatcherServlet'
2025-10-11 13:23:53.715 [http-nio-8080-exec-1] INFO  o.s.w.s.DispatcherServlet - Completed initialization in 6 ms
2025-10-11 13:23:53.811 [http-nio-8080-exec-1] INFO  c.d.d.c.ResourcePackController - Received resource pack upload request
2025-10-11 13:23:53.811 [http-nio-8080-exec-1] INFO  c.d.d.c.ResourcePackController - SHA1: af58734e0795925903690368215853016c0425e3
2025-10-11 13:23:53.811 [http-nio-8080-exec-1] INFO  c.d.d.c.ResourcePackController - Filename: resourcepack.zip
2025-10-11 13:24:33.926 [http-nio-8080-exec-4] INFO  c.d.d.c.ResourcePackController - Received resource pack download request
2025-10-11 13:24:33.927 [http-nio-8080-exec-4] INFO  c.d.d.c.ResourcePackController - Resource pack file downloaded successfully
2025-10-11 13:24:33.928 [http-nio-8080-exec-4] INFO  c.d.d.c.ResourcePackController - Size: 2844 bytes
2025-10-11 13:29:25.812 [http-nio-8080-exec-2] INFO  c.d.d.c.ResourcePackController - Received resource pack upload request
2025-10-11 13:29:25.813 [http-nio-8080-exec-2] INFO  c.d.d.c.ResourcePackController - SHA1: af58734e0795925903690368215853016c0425e3
2025-10-11 13:29:25.813 [http-nio-8080-exec-2] INFO  c.d.d.c.ResourcePackController - Filename: resourcepack.zip
2025-10-11 13:31:42.742 [http-nio-8080-exec-6] INFO  c.d.d.c.ResourcePackController - Received resource pack upload request
2025-10-11 13:31:42.742 [http-nio-8080-exec-6] INFO  c.d.d.c.ResourcePackController - SHA1: af58734e0795925903690368215853016c0425e3
2025-10-11 13:31:42.742 [http-nio-8080-exec-6] INFO  c.d.d.c.ResourcePackController - Filename: resourcepack.zip
2025-10-11 13:36:17.497 [SpringApplicationShutdownHook] INFO  o.s.b.w.e.t.GracefulShutdown - Commencing graceful shutdown. Waiting for active requests to complete
2025-10-11 13:36:17.506 [tomcat-shutdown] INFO  o.s.b.w.e.t.GracefulShutdown - Graceful shutdown complete
2025-10-11 13:36:17.512 [SpringApplicationShutdownHook] INFO  o.s.o.j.LocalContainerEntityManagerFactoryBean - Closing JPA EntityManagerFactory for persistence unit 'default'
2025-10-11 13:36:17.518 [SpringApplicationShutdownHook] INFO  c.z.h.HikariDataSource - HikariPool-1 - Shutdown initiated...
2025-10-11 13:36:17.526 [SpringApplicationShutdownHook] INFO  c.z.h.HikariDataSource - HikariPool-1 - Shutdown completed.
