2025-10-09 00:51:18.940 [Test worker] INFO  c.d.d.DemoApplicationTests - Starting DemoApplicationTests using Java 21.0.8 with PID 15728 (started by khona in C:\Project\git\WEB\demo)
2025-10-09 00:51:18.941 [Test worker] INFO  c.d.d.DemoApplicationTests - No active profile set, falling back to 1 default profile: "default"
2025-10-09 00:51:19.504 [Test worker] INFO  o.s.d.r.c.RepositoryConfigurationDelegate - Bootstrapping Spring Data JPA repositories in DEFAULT mode.
2025-10-09 00:51:19.527 [Test worker] INFO  o.s.d.r.c.RepositoryConfigurationDelegate - Finished Spring Data repository scanning in 13 ms. Found 0 JPA repository interfaces.
2025-10-09 00:51:19.898 [Test worker] INFO  o.h.j.i.u.LogHelper - HHH000204: Processing PersistenceUnitInfo [name: default]
2025-10-09 00:51:19.958 [Test worker] INFO  o.h.Version - HHH000412: Hibernate ORM core version 6.6.29.Final
2025-10-09 00:51:20.001 [Test worker] INFO  o.h.c.i.RegionFactoryInitiator - HHH000026: Second-level cache disabled
2025-10-09 00:51:20.297 [Test worker] INFO  o.s.o.j.p.SpringPersistenceUnitInfo - No LoadTimeWeaver setup: ignoring JPA class transformer
2025-10-09 00:51:20.325 [Test worker] INFO  c.z.h.HikariDataSource - HikariPool-1 - Starting...
2025-10-09 00:51:20.513 [Test worker] INFO  c.z.h.p.HikariPool - HikariPool-1 - Added connection conn0: url=jdbc:h2:file:./data/dev user=SA
2025-10-09 00:51:20.514 [Test worker] INFO  c.z.h.HikariDataSource - HikariPool-1 - Start completed.
2025-10-09 00:51:20.536 [Test worker] WARN  o.h.o.deprecation - HHH90000025: H2Dialect does not need to be specified explicitly using 'hibernate.dialect' (remove the property setting and it will be selected by default)
2025-10-09 00:51:20.558 [Test worker] INFO  o.h.o.c.pooling - HHH10001005: Database info:
	Database JDBC URL [Connecting through datasource 'HikariDataSource (HikariPool-1)']
	Database driver: undefined/unknown
	Database version: 2.3.232
	Autocommit mode: undefined/unknown
	Isolation level: undefined/unknown
	Minimum pool size: undefined/unknown
	Maximum pool size: undefined/unknown
2025-10-09 00:51:20.803 [Test worker] INFO  o.h.e.t.j.p.i.JtaPlatformInitiator - HHH000489: No JTA platform available (set 'hibernate.transaction.jta.platform' to enable JTA platform integration)
2025-10-09 00:51:20.807 [Test worker] INFO  o.s.o.j.LocalContainerEntityManagerFactoryBean - Initialized JPA EntityManagerFactory for persistence unit 'default'
2025-10-09 00:51:20.928 [Test worker] WARN  o.s.b.a.o.j.JpaBaseConfiguration$JpaWebConfiguration - spring.jpa.open-in-view is enabled by default. Therefore, database queries may be performed during view rendering. Explicitly configure spring.jpa.open-in-view to disable this warning
2025-10-09 00:51:21.379 [Test worker] INFO  o.s.b.a.h.H2ConsoleAutoConfiguration - H2 console available at '/h2-console'. Database available at 'jdbc:h2:file:./data/dev'
2025-10-09 00:51:21.496 [Test worker] INFO  c.d.d.DemoApplicationTests - Started DemoApplicationTests in 2.872 seconds (process running for 3.835)
2025-10-09 00:51:22.564 [SpringApplicationShutdownHook] INFO  o.s.o.j.LocalContainerEntityManagerFactoryBean - Closing JPA EntityManagerFactory for persistence unit 'default'
2025-10-09 00:51:22.565 [SpringApplicationShutdownHook] INFO  c.z.h.HikariDataSource - HikariPool-1 - Shutdown initiated...
2025-10-09 00:51:22.581 [SpringApplicationShutdownHook] INFO  c.z.h.HikariDataSource - HikariPool-1 - Shutdown completed.
2025-10-09 00:54:06.823 [main] INFO  c.d.d.DemoApplication - Starting DemoApplication using Java 21.0.8 with PID 30544 (C:\Project\git\WEB\demo\build\classes\java\main started by khona in C:\Project\git\WEB\demo)
2025-10-09 00:54:06.824 [main] INFO  c.d.d.DemoApplication - No active profile set, falling back to 1 default profile: "default"
2025-10-09 00:54:07.296 [main] INFO  o.s.d.r.c.RepositoryConfigurationDelegate - Bootstrapping Spring Data JPA repositories in DEFAULT mode.
2025-10-09 00:54:07.311 [main] INFO  o.s.d.r.c.RepositoryConfigurationDelegate - Finished Spring Data repository scanning in 8 ms. Found 0 JPA repository interfaces.
2025-10-09 00:54:07.623 [main] INFO  o.s.b.w.e.t.TomcatWebServer - Tomcat initialized with port 8080 (http)
2025-10-09 00:54:07.642 [main] INFO  o.a.c.h.Http11NioProtocol - Initializing ProtocolHandler ["http-nio-8080"]
2025-10-09 00:54:07.643 [main] INFO  o.a.c.c.StandardService - Starting service [Tomcat]
2025-10-09 00:54:07.643 [main] INFO  o.a.c.c.StandardEngine - Starting Servlet engine: [Apache Tomcat/10.1.46]
2025-10-09 00:54:07.695 [main] INFO  o.a.c.c.C.[.[.[/] - Initializing Spring embedded WebApplicationContext
2025-10-09 00:54:07.695 [main] INFO  o.s.b.w.s.c.ServletWebServerApplicationContext - Root WebApplicationContext: initialization completed in 838 ms
2025-10-09 00:54:07.814 [main] INFO  o.h.j.i.u.LogHelper - HHH000204: Processing PersistenceUnitInfo [name: default]
2025-10-09 00:54:07.856 [main] INFO  o.h.Version - HHH000412: Hibernate ORM core version 6.6.29.Final
2025-10-09 00:54:07.881 [main] INFO  o.h.c.i.RegionFactoryInitiator - HHH000026: Second-level cache disabled
2025-10-09 00:54:08.088 [main] INFO  o.s.o.j.p.SpringPersistenceUnitInfo - No LoadTimeWeaver setup: ignoring JPA class transformer
2025-10-09 00:54:08.109 [main] INFO  c.z.h.HikariDataSource - HikariPool-1 - Starting...
2025-10-09 00:54:08.253 [main] INFO  c.z.h.p.HikariPool - HikariPool-1 - Added connection conn0: url=jdbc:h2:file:./data/dev user=SA
2025-10-09 00:54:08.255 [main] INFO  c.z.h.HikariDataSource - HikariPool-1 - Start completed.
2025-10-09 00:54:08.271 [main] WARN  o.h.o.deprecation - HHH90000025: H2Dialect does not need to be specified explicitly using 'hibernate.dialect' (remove the property setting and it will be selected by default)
2025-10-09 00:54:08.286 [main] INFO  o.h.o.c.pooling - HHH10001005: Database info:
	Database JDBC URL [Connecting through datasource 'HikariDataSource (HikariPool-1)']
	Database driver: undefined/unknown
	Database version: 2.3.232
	Autocommit mode: undefined/unknown
	Isolation level: undefined/unknown
	Minimum pool size: undefined/unknown
	Maximum pool size: undefined/unknown
2025-10-09 00:54:08.515 [main] INFO  o.h.e.t.j.p.i.JtaPlatformInitiator - HHH000489: No JTA platform available (set 'hibernate.transaction.jta.platform' to enable JTA platform integration)
2025-10-09 00:54:08.519 [main] INFO  o.s.o.j.LocalContainerEntityManagerFactoryBean - Initialized JPA EntityManagerFactory for persistence unit 'default'
2025-10-09 00:54:08.546 [main] WARN  o.s.b.a.o.j.JpaBaseConfiguration$JpaWebConfiguration - spring.jpa.open-in-view is enabled by default. Therefore, database queries may be performed during view rendering. Explicitly configure spring.jpa.open-in-view to disable this warning
2025-10-09 00:54:08.754 [main] INFO  o.s.b.a.h.H2ConsoleAutoConfiguration - H2 console available at '/h2-console'. Database available at 'jdbc:h2:file:./data/dev'
2025-10-09 00:54:08.801 [main] INFO  o.a.c.h.Http11NioProtocol - Starting ProtocolHandler ["http-nio-8080"]
2025-10-09 00:54:08.815 [main] INFO  o.s.b.w.e.t.TomcatWebServer - Tomcat started on port 8080 (http) with context path '/'
2025-10-09 00:54:08.820 [main] INFO  c.d.d.DemoApplication - Started DemoApplication in 2.437 seconds (process running for 2.872)
2025-10-09 00:55:30.303 [http-nio-8080-exec-1] INFO  o.a.c.c.C.[.[.[/] - Initializing Spring DispatcherServlet 'dispatcherServlet'
2025-10-09 00:55:30.304 [http-nio-8080-exec-1] INFO  o.s.w.s.DispatcherServlet - Initializing Servlet 'dispatcherServlet'
2025-10-09 00:55:30.305 [http-nio-8080-exec-1] INFO  o.s.w.s.DispatcherServlet - Completed initialization in 1 ms
2025-10-09 00:55:30.402 [http-nio-8080-exec-1] INFO  c.d.d.c.ResourcePackController - Received resource pack upload request
2025-10-09 00:55:30.403 [http-nio-8080-exec-1] INFO  c.d.d.c.ResourcePackController - SHA1: 194829b8d134cf611604a60a804501a0d6cd0591
2025-10-09 00:55:30.403 [http-nio-8080-exec-1] INFO  c.d.d.c.ResourcePackController - Filename: resourcepack.zip
2025-10-09 00:57:24.913 [http-nio-8080-exec-2] INFO  c.d.d.c.ResourcePackController - Received resource pack download request
2025-10-09 00:57:24.914 [http-nio-8080-exec-2] INFO  c.d.d.c.ResourcePackController - Resource pack file downloaded successfully
2025-10-09 00:57:24.914 [http-nio-8080-exec-2] INFO  c.d.d.c.ResourcePackController - Size: 2038 bytes
2025-10-09 00:59:32.522 [http-nio-8080-exec-4] INFO  c.d.d.c.ResourcePackController - Received resource pack upload request
2025-10-09 00:59:32.522 [http-nio-8080-exec-4] INFO  c.d.d.c.ResourcePackController - SHA1: 194829b8d134cf611604a60a804501a0d6cd0591
2025-10-09 00:59:32.522 [http-nio-8080-exec-4] INFO  c.d.d.c.ResourcePackController - Filename: resourcepack.zip
2025-10-09 01:03:45.592 [http-nio-8080-exec-6] INFO  c.d.d.c.ResourcePackController - Received resource pack upload request
2025-10-09 01:03:45.592 [http-nio-8080-exec-6] INFO  c.d.d.c.ResourcePackController - SHA1: 008d67238b4596bcc521705053e3fb22e18013da
2025-10-09 01:03:45.593 [http-nio-8080-exec-6] INFO  c.d.d.c.ResourcePackController - Filename: resourcepack.zip
2025-10-09 01:06:51.408 [http-nio-8080-exec-8] INFO  c.d.d.c.ResourcePackController - Received resource pack download request
2025-10-09 01:06:51.409 [http-nio-8080-exec-8] INFO  c.d.d.c.ResourcePackController - Resource pack file downloaded successfully
2025-10-09 01:06:51.409 [http-nio-8080-exec-8] INFO  c.d.d.c.ResourcePackController - Size: 2033 bytes
2025-10-09 01:07:36.771 [http-nio-8080-exec-9] INFO  c.d.d.c.ResourcePackController - Received resource pack upload request
2025-10-09 01:07:36.772 [http-nio-8080-exec-9] INFO  c.d.d.c.ResourcePackController - SHA1: 008d67238b4596bcc521705053e3fb22e18013da
2025-10-09 01:07:36.772 [http-nio-8080-exec-9] INFO  c.d.d.c.ResourcePackController - Filename: resourcepack.zip
2025-10-09 01:12:07.132 [http-nio-8080-exec-2] INFO  c.d.d.c.ResourcePackController - Received resource pack upload request
2025-10-09 01:12:07.132 [http-nio-8080-exec-2] INFO  c.d.d.c.ResourcePackController - SHA1: 008d67238b4596bcc521705053e3fb22e18013da
2025-10-09 01:12:07.133 [http-nio-8080-exec-2] INFO  c.d.d.c.ResourcePackController - Filename: resourcepack.zip
2025-10-09 01:24:49.438 [http-nio-8080-exec-4] INFO  c.d.d.c.ResourcePackController - Received resource pack upload request
2025-10-09 01:24:49.438 [http-nio-8080-exec-4] INFO  c.d.d.c.ResourcePackController - SHA1: 008d67238b4596bcc521705053e3fb22e18013da
2025-10-09 01:24:49.438 [http-nio-8080-exec-4] INFO  c.d.d.c.ResourcePackController - Filename: resourcepack.zip
2025-10-09 01:28:30.181 [http-nio-8080-exec-6] INFO  c.d.d.c.ResourcePackController - Received resource pack upload request
2025-10-09 01:28:30.181 [http-nio-8080-exec-6] INFO  c.d.d.c.ResourcePackController - SHA1: 008d67238b4596bcc521705053e3fb22e18013da
2025-10-09 01:28:30.181 [http-nio-8080-exec-6] INFO  c.d.d.c.ResourcePackController - Filename: resourcepack.zip
2025-10-09 01:35:21.546 [http-nio-8080-exec-8] INFO  c.d.d.c.ResourcePackController - Received resource pack upload request
2025-10-09 01:35:21.546 [http-nio-8080-exec-8] INFO  c.d.d.c.ResourcePackController - SHA1: 008d67238b4596bcc521705053e3fb22e18013da
2025-10-09 01:35:21.546 [http-nio-8080-exec-8] INFO  c.d.d.c.ResourcePackController - Filename: resourcepack.zip
2025-10-09 02:44:17.245 [SpringApplicationShutdownHook] INFO  o.s.b.w.e.t.GracefulShutdown - Commencing graceful shutdown. Waiting for active requests to complete
2025-10-09 02:44:17.254 [tomcat-shutdown] INFO  o.s.b.w.e.t.GracefulShutdown - Graceful shutdown complete
2025-10-09 02:44:17.266 [SpringApplicationShutdownHook] INFO  o.s.o.j.LocalContainerEntityManagerFactoryBean - Closing JPA EntityManagerFactory for persistence unit 'default'
2025-10-09 02:44:17.275 [SpringApplicationShutdownHook] INFO  c.z.h.HikariDataSource - HikariPool-1 - Shutdown initiated...
2025-10-09 02:44:17.297 [SpringApplicationShutdownHook] INFO  c.z.h.HikariDataSource - HikariPool-1 - Shutdown completed.
