2025-10-05 06:19:45.952 [main] INFO  c.d.d.DemoApplication - Starting DemoApplication using Java 21.0.8 with PID 23884 (C:\Project\WEB\demo\build\classes\java\main started by khona in C:\Project\WEB\demo)
2025-10-05 06:19:45.953 [main] INFO  c.d.d.DemoApplication - No active profile set, falling back to 1 default profile: "default"
2025-10-05 06:19:46.356 [main] INFO  o.s.d.r.c.RepositoryConfigurationDelegate - Bootstrapping Spring Data JPA repositories in DEFAULT mode.
2025-10-05 06:19:46.370 [main] INFO  o.s.d.r.c.RepositoryConfigurationDelegate - Finished Spring Data repository scanning in 8 ms. Found 0 JPA repository interfaces.
2025-10-05 06:19:46.645 [main] INFO  o.s.b.w.e.t.TomcatWebServer - Tomcat initialized with port 8083 (http)
2025-10-05 06:19:46.654 [main] INFO  o.a.c.h.Http11NioProtocol - Initializing ProtocolHandler ["http-nio-8083"]
2025-10-05 06:19:46.655 [main] INFO  o.a.c.c.StandardService - Starting service [Tomcat]
2025-10-05 06:19:46.655 [main] INFO  o.a.c.c.StandardEngine - Starting Servlet engine: [Apache Tomcat/10.1.46]
2025-10-05 06:19:46.689 [main] INFO  o.a.c.c.C.[.[.[/] - Initializing Spring embedded WebApplicationContext
2025-10-05 06:19:46.689 [main] INFO  o.s.b.w.s.c.ServletWebServerApplicationContext - Root WebApplicationContext: initialization completed in 706 ms
2025-10-05 06:19:46.788 [main] INFO  o.h.j.i.u.LogHelper - HHH000204: Processing PersistenceUnitInfo [name: default]
2025-10-05 06:19:46.820 [main] INFO  o.h.Version - HHH000412: Hibernate ORM core version 6.6.29.Final
2025-10-05 06:19:46.840 [main] INFO  o.h.c.i.RegionFactoryInitiator - HHH000026: Second-level cache disabled
2025-10-05 06:19:47.050 [main] INFO  o.s.o.j.p.SpringPersistenceUnitInfo - No LoadTimeWeaver setup: ignoring JPA class transformer
2025-10-05 06:19:47.072 [main] INFO  c.z.h.HikariDataSource - HikariPool-1 - Starting...
2025-10-05 06:19:47.205 [main] INFO  c.z.h.p.HikariPool - HikariPool-1 - Added connection conn0: url=jdbc:h2:file:./data/dev user=SA
2025-10-05 06:19:47.207 [main] INFO  c.z.h.HikariDataSource - HikariPool-1 - Start completed.
2025-10-05 06:19:47.221 [main] WARN  o.h.o.deprecation - HHH90000025: H2Dialect does not need to be specified explicitly using 'hibernate.dialect' (remove the property setting and it will be selected by default)
2025-10-05 06:19:47.235 [main] INFO  o.h.o.c.pooling - HHH10001005: Database info:
	Database JDBC URL [Connecting through datasource 'HikariDataSource (HikariPool-1)']
	Database driver: undefined/unknown
	Database version: 2.3.232
	Autocommit mode: undefined/unknown
	Isolation level: undefined/unknown
	Minimum pool size: undefined/unknown
	Maximum pool size: undefined/unknown
2025-10-05 06:19:47.455 [main] INFO  o.h.e.t.j.p.i.JtaPlatformInitiator - HHH000489: No JTA platform available (set 'hibernate.transaction.jta.platform' to enable JTA platform integration)
2025-10-05 06:19:47.458 [main] INFO  o.s.o.j.LocalContainerEntityManagerFactoryBean - Initialized JPA EntityManagerFactory for persistence unit 'default'
2025-10-05 06:19:47.481 [main] WARN  o.s.b.a.o.j.JpaBaseConfiguration$JpaWebConfiguration - spring.jpa.open-in-view is enabled by default. Therefore, database queries may be performed during view rendering. Explicitly configure spring.jpa.open-in-view to disable this warning
2025-10-05 06:19:47.662 [main] INFO  o.s.b.a.h.H2ConsoleAutoConfiguration - H2 console available at '/h2-console'. Database available at 'jdbc:h2:file:./data/dev'
2025-10-05 06:19:47.706 [main] INFO  o.a.c.h.Http11NioProtocol - Starting ProtocolHandler ["http-nio-8083"]
2025-10-05 06:19:47.718 [main] INFO  o.s.b.w.e.t.TomcatWebServer - Tomcat started on port 8083 (http) with context path '/'
2025-10-05 06:19:47.723 [main] INFO  c.d.d.DemoApplication - Started DemoApplication in 2.211 seconds (process running for 2.63)
2025-10-05 06:20:01.240 [SpringApplicationShutdownHook] INFO  o.s.b.w.e.t.GracefulShutdown - Commencing graceful shutdown. Waiting for active requests to complete
2025-10-05 06:20:01.245 [tomcat-shutdown] INFO  o.s.b.w.e.t.GracefulShutdown - Graceful shutdown complete
2025-10-05 06:20:01.248 [SpringApplicationShutdownHook] INFO  o.s.o.j.LocalContainerEntityManagerFactoryBean - Closing JPA EntityManagerFactory for persistence unit 'default'
2025-10-05 06:20:01.249 [SpringApplicationShutdownHook] INFO  c.z.h.HikariDataSource - HikariPool-1 - Shutdown initiated...
2025-10-05 06:20:01.251 [SpringApplicationShutdownHook] INFO  c.z.h.HikariDataSource - HikariPool-1 - Shutdown completed.
2025-10-05 17:41:44.943 [main] INFO  c.d.d.DemoApplication - Starting DemoApplication using Java 21.0.8 with PID 8972 (C:\Project\git\WEB\demo\build\classes\java\main started by khona in C:\Project\git\WEB\demo)
2025-10-05 17:41:44.945 [main] INFO  c.d.d.DemoApplication - No active profile set, falling back to 1 default profile: "default"
2025-10-05 17:41:45.435 [main] INFO  o.s.d.r.c.RepositoryConfigurationDelegate - Bootstrapping Spring Data JPA repositories in DEFAULT mode.
2025-10-05 17:41:45.451 [main] INFO  o.s.d.r.c.RepositoryConfigurationDelegate - Finished Spring Data repository scanning in 8 ms. Found 0 JPA repository interfaces.
2025-10-05 17:41:45.753 [main] INFO  o.s.b.w.e.t.TomcatWebServer - Tomcat initialized with port 8083 (http)
2025-10-05 17:41:45.760 [main] INFO  o.a.c.h.Http11NioProtocol - Initializing ProtocolHandler ["http-nio-8083"]
2025-10-05 17:41:45.760 [main] INFO  o.a.c.c.StandardService - Starting service [Tomcat]
2025-10-05 17:41:45.760 [main] INFO  o.a.c.c.StandardEngine - Starting Servlet engine: [Apache Tomcat/10.1.46]
2025-10-05 17:41:45.808 [main] INFO  o.a.c.c.C.[.[.[/] - Initializing Spring embedded WebApplicationContext
2025-10-05 17:41:45.808 [main] INFO  o.s.b.w.s.c.ServletWebServerApplicationContext - Root WebApplicationContext: initialization completed in 831 ms
2025-10-05 17:41:45.932 [main] INFO  o.h.j.i.u.LogHelper - HHH000204: Processing PersistenceUnitInfo [name: default]
2025-10-05 17:41:45.979 [main] INFO  o.h.Version - HHH000412: Hibernate ORM core version 6.6.29.Final
2025-10-05 17:41:46.011 [main] INFO  o.h.c.i.RegionFactoryInitiator - HHH000026: Second-level cache disabled
2025-10-05 17:41:46.265 [main] INFO  o.s.o.j.p.SpringPersistenceUnitInfo - No LoadTimeWeaver setup: ignoring JPA class transformer
2025-10-05 17:41:46.290 [main] INFO  c.z.h.HikariDataSource - HikariPool-1 - Starting...
2025-10-05 17:41:46.451 [main] INFO  c.z.h.p.HikariPool - HikariPool-1 - Added connection conn0: url=jdbc:h2:file:./data/dev user=SA
2025-10-05 17:41:46.452 [main] INFO  c.z.h.HikariDataSource - HikariPool-1 - Start completed.
2025-10-05 17:41:46.474 [main] WARN  o.h.o.deprecation - HHH90000025: H2Dialect does not need to be specified explicitly using 'hibernate.dialect' (remove the property setting and it will be selected by default)
2025-10-05 17:41:46.494 [main] INFO  o.h.o.c.pooling - HHH10001005: Database info:
	Database JDBC URL [Connecting through datasource 'HikariDataSource (HikariPool-1)']
	Database driver: undefined/unknown
	Database version: 2.3.232
	Autocommit mode: undefined/unknown
	Isolation level: undefined/unknown
	Minimum pool size: undefined/unknown
	Maximum pool size: undefined/unknown
2025-10-05 17:41:46.745 [main] INFO  o.h.e.t.j.p.i.JtaPlatformInitiator - HHH000489: No JTA platform available (set 'hibernate.transaction.jta.platform' to enable JTA platform integration)
2025-10-05 17:41:46.749 [main] INFO  o.s.o.j.LocalContainerEntityManagerFactoryBean - Initialized JPA EntityManagerFactory for persistence unit 'default'
2025-10-05 17:41:46.776 [main] WARN  o.s.b.a.o.j.JpaBaseConfiguration$JpaWebConfiguration - spring.jpa.open-in-view is enabled by default. Therefore, database queries may be performed during view rendering. Explicitly configure spring.jpa.open-in-view to disable this warning
2025-10-05 17:41:46.995 [main] INFO  o.s.b.a.h.H2ConsoleAutoConfiguration - H2 console available at '/h2-console'. Database available at 'jdbc:h2:file:./data/dev'
2025-10-05 17:41:47.047 [main] INFO  o.a.c.h.Http11NioProtocol - Starting ProtocolHandler ["http-nio-8083"]
2025-10-05 17:41:47.061 [main] INFO  o.s.b.w.e.t.TomcatWebServer - Tomcat started on port 8083 (http) with context path '/'
2025-10-05 17:41:47.066 [main] INFO  c.d.d.DemoApplication - Started DemoApplication in 2.708 seconds (process running for 3.186)
2025-10-05 17:42:26.502 [SpringApplicationShutdownHook] INFO  o.s.b.w.e.t.GracefulShutdown - Commencing graceful shutdown. Waiting for active requests to complete
2025-10-05 17:42:26.508 [tomcat-shutdown] INFO  o.s.b.w.e.t.GracefulShutdown - Graceful shutdown complete
2025-10-05 17:42:26.510 [SpringApplicationShutdownHook] INFO  o.s.o.j.LocalContainerEntityManagerFactoryBean - Closing JPA EntityManagerFactory for persistence unit 'default'
2025-10-05 17:42:26.511 [SpringApplicationShutdownHook] INFO  c.z.h.HikariDataSource - HikariPool-1 - Shutdown initiated...
2025-10-05 17:42:26.515 [SpringApplicationShutdownHook] INFO  c.z.h.HikariDataSource - HikariPool-1 - Shutdown completed.
2025-10-05 17:42:37.388 [main] INFO  c.d.d.DemoApplication - Starting DemoApplication using Java 21.0.8 with PID 18400 (C:\Project\git\WEB\demo\build\classes\java\main started by khona in C:\Project\git\WEB\demo)
2025-10-05 17:42:37.390 [main] INFO  c.d.d.DemoApplication - No active profile set, falling back to 1 default profile: "default"
2025-10-05 17:42:37.844 [main] INFO  o.s.d.r.c.RepositoryConfigurationDelegate - Bootstrapping Spring Data JPA repositories in DEFAULT mode.
2025-10-05 17:42:37.859 [main] INFO  o.s.d.r.c.RepositoryConfigurationDelegate - Finished Spring Data repository scanning in 8 ms. Found 0 JPA repository interfaces.
2025-10-05 17:42:38.098 [main] INFO  o.s.b.w.e.t.TomcatWebServer - Tomcat initialized with port 8083 (http)
2025-10-05 17:42:38.113 [main] INFO  o.a.c.h.Http11NioProtocol - Initializing ProtocolHandler ["http-nio-8083"]
2025-10-05 17:42:38.113 [main] INFO  o.a.c.c.StandardService - Starting service [Tomcat]
2025-10-05 17:42:38.113 [main] INFO  o.a.c.c.StandardEngine - Starting Servlet engine: [Apache Tomcat/10.1.46]
2025-10-05 17:42:38.145 [main] INFO  o.a.c.c.C.[.[.[/] - Initializing Spring embedded WebApplicationContext
2025-10-05 17:42:38.145 [main] INFO  o.s.b.w.s.c.ServletWebServerApplicationContext - Root WebApplicationContext: initialization completed in 726 ms
2025-10-05 17:42:38.248 [main] INFO  o.h.j.i.u.LogHelper - HHH000204: Processing PersistenceUnitInfo [name: default]
2025-10-05 17:42:38.280 [main] INFO  o.h.Version - HHH000412: Hibernate ORM core version 6.6.29.Final
2025-10-05 17:42:38.296 [main] INFO  o.h.c.i.RegionFactoryInitiator - HHH000026: Second-level cache disabled
2025-10-05 17:42:38.486 [main] INFO  o.s.o.j.p.SpringPersistenceUnitInfo - No LoadTimeWeaver setup: ignoring JPA class transformer
2025-10-05 17:42:38.502 [main] INFO  c.z.h.HikariDataSource - HikariPool-1 - Starting...
2025-10-05 17:42:38.643 [main] INFO  c.z.h.p.HikariPool - HikariPool-1 - Added connection conn0: url=jdbc:h2:file:./data/dev user=SA
2025-10-05 17:42:38.645 [main] INFO  c.z.h.HikariDataSource - HikariPool-1 - Start completed.
2025-10-05 17:42:38.660 [main] WARN  o.h.o.deprecation - HHH90000025: H2Dialect does not need to be specified explicitly using 'hibernate.dialect' (remove the property setting and it will be selected by default)
2025-10-05 17:42:38.674 [main] INFO  o.h.o.c.pooling - HHH10001005: Database info:
	Database JDBC URL [Connecting through datasource 'HikariDataSource (HikariPool-1)']
	Database driver: undefined/unknown
	Database version: 2.3.232
	Autocommit mode: undefined/unknown
	Isolation level: undefined/unknown
	Minimum pool size: undefined/unknown
	Maximum pool size: undefined/unknown
2025-10-05 17:42:38.882 [main] INFO  o.h.e.t.j.p.i.JtaPlatformInitiator - HHH000489: No JTA platform available (set 'hibernate.transaction.jta.platform' to enable JTA platform integration)
2025-10-05 17:42:38.885 [main] INFO  o.s.o.j.LocalContainerEntityManagerFactoryBean - Initialized JPA EntityManagerFactory for persistence unit 'default'
2025-10-05 17:42:38.906 [main] WARN  o.s.b.a.o.j.JpaBaseConfiguration$JpaWebConfiguration - spring.jpa.open-in-view is enabled by default. Therefore, database queries may be performed during view rendering. Explicitly configure spring.jpa.open-in-view to disable this warning
2025-10-05 17:42:39.072 [main] INFO  o.s.b.a.h.H2ConsoleAutoConfiguration - H2 console available at '/h2-console'. Database available at 'jdbc:h2:file:./data/dev'
2025-10-05 17:42:39.106 [main] INFO  o.a.c.h.Http11NioProtocol - Starting ProtocolHandler ["http-nio-8083"]
2025-10-05 17:42:39.117 [main] INFO  o.s.b.w.e.t.TomcatWebServer - Tomcat started on port 8083 (http) with context path '/'
2025-10-05 17:42:39.122 [main] INFO  c.d.d.DemoApplication - Started DemoApplication in 2.199 seconds (process running for 2.566)
2025-10-05 17:43:28.693 [SpringApplicationShutdownHook] INFO  o.s.b.w.e.t.GracefulShutdown - Commencing graceful shutdown. Waiting for active requests to complete
2025-10-05 17:43:28.698 [tomcat-shutdown] INFO  o.s.b.w.e.t.GracefulShutdown - Graceful shutdown complete
2025-10-05 17:43:28.701 [SpringApplicationShutdownHook] INFO  o.s.o.j.LocalContainerEntityManagerFactoryBean - Closing JPA EntityManagerFactory for persistence unit 'default'
2025-10-05 17:43:28.702 [SpringApplicationShutdownHook] INFO  c.z.h.HikariDataSource - HikariPool-1 - Shutdown initiated...
2025-10-05 17:43:28.706 [SpringApplicationShutdownHook] INFO  c.z.h.HikariDataSource - HikariPool-1 - Shutdown completed.
2025-10-05 17:43:31.717 [main] INFO  c.d.d.DemoApplication - Starting DemoApplication using Java 21.0.8 with PID 11996 (C:\Project\git\WEB\demo\build\classes\java\main started by khona in C:\Project\git\WEB\demo)
2025-10-05 17:43:31.717 [main] INFO  c.d.d.DemoApplication - No active profile set, falling back to 1 default profile: "default"
2025-10-05 17:43:32.134 [main] INFO  o.s.d.r.c.RepositoryConfigurationDelegate - Bootstrapping Spring Data JPA repositories in DEFAULT mode.
2025-10-05 17:43:32.148 [main] INFO  o.s.d.r.c.RepositoryConfigurationDelegate - Finished Spring Data repository scanning in 8 ms. Found 0 JPA repository interfaces.
2025-10-05 17:43:32.401 [main] INFO  o.s.b.w.e.t.TomcatWebServer - Tomcat initialized with port 8080 (http)
2025-10-05 17:43:32.410 [main] INFO  o.a.c.h.Http11NioProtocol - Initializing ProtocolHandler ["http-nio-8080"]
2025-10-05 17:43:32.411 [main] INFO  o.a.c.c.StandardService - Starting service [Tomcat]
2025-10-05 17:43:32.412 [main] INFO  o.a.c.c.StandardEngine - Starting Servlet engine: [Apache Tomcat/10.1.46]
2025-10-05 17:43:32.447 [main] INFO  o.a.c.c.C.[.[.[/] - Initializing Spring embedded WebApplicationContext
2025-10-05 17:43:32.447 [main] INFO  o.s.b.w.s.c.ServletWebServerApplicationContext - Root WebApplicationContext: initialization completed in 692 ms
2025-10-05 17:43:32.552 [main] INFO  o.h.j.i.u.LogHelper - HHH000204: Processing PersistenceUnitInfo [name: default]
2025-10-05 17:43:32.588 [main] INFO  o.h.Version - HHH000412: Hibernate ORM core version 6.6.29.Final
2025-10-05 17:43:32.612 [main] INFO  o.h.c.i.RegionFactoryInitiator - HHH000026: Second-level cache disabled
2025-10-05 17:43:32.823 [main] INFO  o.s.o.j.p.SpringPersistenceUnitInfo - No LoadTimeWeaver setup: ignoring JPA class transformer
2025-10-05 17:43:32.847 [main] INFO  c.z.h.HikariDataSource - HikariPool-1 - Starting...
2025-10-05 17:43:32.994 [main] INFO  c.z.h.p.HikariPool - HikariPool-1 - Added connection conn0: url=jdbc:h2:file:./data/dev user=SA
2025-10-05 17:43:32.995 [main] INFO  c.z.h.HikariDataSource - HikariPool-1 - Start completed.
2025-10-05 17:43:33.011 [main] WARN  o.h.o.deprecation - HHH90000025: H2Dialect does not need to be specified explicitly using 'hibernate.dialect' (remove the property setting and it will be selected by default)
2025-10-05 17:43:33.026 [main] INFO  o.h.o.c.pooling - HHH10001005: Database info:
	Database JDBC URL [Connecting through datasource 'HikariDataSource (HikariPool-1)']
	Database driver: undefined/unknown
	Database version: 2.3.232
	Autocommit mode: undefined/unknown
	Isolation level: undefined/unknown
	Minimum pool size: undefined/unknown
	Maximum pool size: undefined/unknown
2025-10-05 17:43:33.235 [main] INFO  o.h.e.t.j.p.i.JtaPlatformInitiator - HHH000489: No JTA platform available (set 'hibernate.transaction.jta.platform' to enable JTA platform integration)
2025-10-05 17:43:33.239 [main] INFO  o.s.o.j.LocalContainerEntityManagerFactoryBean - Initialized JPA EntityManagerFactory for persistence unit 'default'
2025-10-05 17:43:33.270 [main] WARN  o.s.b.a.o.j.JpaBaseConfiguration$JpaWebConfiguration - spring.jpa.open-in-view is enabled by default. Therefore, database queries may be performed during view rendering. Explicitly configure spring.jpa.open-in-view to disable this warning
2025-10-05 17:43:33.462 [main] INFO  o.s.b.a.h.H2ConsoleAutoConfiguration - H2 console available at '/h2-console'. Database available at 'jdbc:h2:file:./data/dev'
2025-10-05 17:43:33.504 [main] INFO  o.a.c.h.Http11NioProtocol - Starting ProtocolHandler ["http-nio-8080"]
2025-10-05 17:43:33.516 [main] INFO  o.s.b.w.e.t.TomcatWebServer - Tomcat started on port 8080 (http) with context path '/'
2025-10-05 17:43:33.522 [main] INFO  c.d.d.DemoApplication - Started DemoApplication in 2.196 seconds (process running for 2.582)
2025-10-05 17:44:43.089 [http-nio-8080-exec-1] INFO  o.a.c.c.C.[.[.[/] - Initializing Spring DispatcherServlet 'dispatcherServlet'
2025-10-05 17:44:43.091 [http-nio-8080-exec-1] INFO  o.s.w.s.DispatcherServlet - Initializing Servlet 'dispatcherServlet'
2025-10-05 17:44:43.091 [http-nio-8080-exec-1] INFO  o.s.w.s.DispatcherServlet - Completed initialization in 0 ms
2025-10-05 17:44:43.153 [http-nio-8080-exec-1] INFO  c.d.d.c.ResourcePackController - Received resource pack upload request
2025-10-05 17:44:43.153 [http-nio-8080-exec-1] INFO  c.d.d.c.ResourcePackController - SHA1: 188965e5f0907762b1ac954c34f675caf66c5b10
2025-10-05 17:44:43.153 [http-nio-8080-exec-1] INFO  c.d.d.c.ResourcePackController - Filename: resourcepack.zip
2025-10-05 18:14:24.571 [HikariPool-1:housekeeper] WARN  c.z.h.p.HikariPool - HikariPool-1 - Thread starvation or clock leap detected (housekeeper delta=13m21s439ms866µs800ns).
2025-10-05 18:47:40.257 [HikariPool-1:housekeeper] WARN  c.z.h.p.HikariPool - HikariPool-1 - Thread starvation or clock leap detected (housekeeper delta=24m15s671ms472µs100ns).
2025-10-05 20:04:02.675 [SpringApplicationShutdownHook] INFO  o.s.b.w.e.t.GracefulShutdown - Commencing graceful shutdown. Waiting for active requests to complete
2025-10-05 20:04:02.685 [tomcat-shutdown] INFO  o.s.b.w.e.t.GracefulShutdown - Graceful shutdown complete
2025-10-05 20:04:02.695 [SpringApplicationShutdownHook] INFO  o.s.o.j.LocalContainerEntityManagerFactoryBean - Closing JPA EntityManagerFactory for persistence unit 'default'
2025-10-05 20:04:02.700 [SpringApplicationShutdownHook] INFO  c.z.h.HikariDataSource - HikariPool-1 - Shutdown initiated...
2025-10-05 20:04:02.709 [SpringApplicationShutdownHook] INFO  c.z.h.HikariDataSource - HikariPool-1 - Shutdown completed.
2025-10-05 20:13:34.099 [main] INFO  c.d.d.DemoApplication - Starting DemoApplication using Java 21.0.8 with PID 11416 (C:\Project\git\WEB\demo\build\classes\java\main started by khona in C:\Project\git\WEB\demo)
2025-10-05 20:13:34.100 [main] INFO  c.d.d.DemoApplication - No active profile set, falling back to 1 default profile: "default"
2025-10-05 20:13:34.504 [main] INFO  o.s.d.r.c.RepositoryConfigurationDelegate - Bootstrapping Spring Data JPA repositories in DEFAULT mode.
2025-10-05 20:13:34.517 [main] INFO  o.s.d.r.c.RepositoryConfigurationDelegate - Finished Spring Data repository scanning in 7 ms. Found 0 JPA repository interfaces.
2025-10-05 20:13:34.777 [main] INFO  o.s.b.w.e.t.TomcatWebServer - Tomcat initialized with port 8080 (http)
2025-10-05 20:13:34.786 [main] INFO  o.a.c.h.Http11NioProtocol - Initializing ProtocolHandler ["http-nio-8080"]
2025-10-05 20:13:34.787 [main] INFO  o.a.c.c.StandardService - Starting service [Tomcat]
2025-10-05 20:13:34.787 [main] INFO  o.a.c.c.StandardEngine - Starting Servlet engine: [Apache Tomcat/10.1.46]
2025-10-05 20:13:34.824 [main] INFO  o.a.c.c.C.[.[.[/] - Initializing Spring embedded WebApplicationContext
2025-10-05 20:13:34.824 [main] INFO  o.s.b.w.s.c.ServletWebServerApplicationContext - Root WebApplicationContext: initialization completed in 698 ms
2025-10-05 20:13:34.930 [main] INFO  o.h.j.i.u.LogHelper - HHH000204: Processing PersistenceUnitInfo [name: default]
2025-10-05 20:13:34.965 [main] INFO  o.h.Version - HHH000412: Hibernate ORM core version 6.6.29.Final
2025-10-05 20:13:34.987 [main] INFO  o.h.c.i.RegionFactoryInitiator - HHH000026: Second-level cache disabled
2025-10-05 20:13:35.189 [main] INFO  o.s.o.j.p.SpringPersistenceUnitInfo - No LoadTimeWeaver setup: ignoring JPA class transformer
2025-10-05 20:13:35.210 [main] INFO  c.z.h.HikariDataSource - HikariPool-1 - Starting...
2025-10-05 20:13:35.349 [main] INFO  c.z.h.p.HikariPool - HikariPool-1 - Added connection conn0: url=jdbc:h2:file:./data/dev user=SA
2025-10-05 20:13:35.350 [main] INFO  c.z.h.HikariDataSource - HikariPool-1 - Start completed.
2025-10-05 20:13:35.367 [main] WARN  o.h.o.deprecation - HHH90000025: H2Dialect does not need to be specified explicitly using 'hibernate.dialect' (remove the property setting and it will be selected by default)
2025-10-05 20:13:35.382 [main] INFO  o.h.o.c.pooling - HHH10001005: Database info:
	Database JDBC URL [Connecting through datasource 'HikariDataSource (HikariPool-1)']
	Database driver: undefined/unknown
	Database version: 2.3.232
	Autocommit mode: undefined/unknown
	Isolation level: undefined/unknown
	Minimum pool size: undefined/unknown
	Maximum pool size: undefined/unknown
2025-10-05 20:13:35.588 [main] INFO  o.h.e.t.j.p.i.JtaPlatformInitiator - HHH000489: No JTA platform available (set 'hibernate.transaction.jta.platform' to enable JTA platform integration)
2025-10-05 20:13:35.591 [main] INFO  o.s.o.j.LocalContainerEntityManagerFactoryBean - Initialized JPA EntityManagerFactory for persistence unit 'default'
2025-10-05 20:13:35.616 [main] WARN  o.s.b.a.o.j.JpaBaseConfiguration$JpaWebConfiguration - spring.jpa.open-in-view is enabled by default. Therefore, database queries may be performed during view rendering. Explicitly configure spring.jpa.open-in-view to disable this warning
2025-10-05 20:13:35.803 [main] INFO  o.s.b.a.h.H2ConsoleAutoConfiguration - H2 console available at '/h2-console'. Database available at 'jdbc:h2:file:./data/dev'
2025-10-05 20:13:35.846 [main] INFO  o.a.c.h.Http11NioProtocol - Starting ProtocolHandler ["http-nio-8080"]
2025-10-05 20:13:35.859 [main] INFO  o.s.b.w.e.t.TomcatWebServer - Tomcat started on port 8080 (http) with context path '/'
2025-10-05 20:13:35.864 [main] INFO  c.d.d.DemoApplication - Started DemoApplication in 2.192 seconds (process running for 2.674)
2025-10-05 20:14:49.006 [http-nio-8080-exec-1] INFO  o.a.c.c.C.[.[.[/] - Initializing Spring DispatcherServlet 'dispatcherServlet'
2025-10-05 20:14:49.006 [http-nio-8080-exec-1] INFO  o.s.w.s.DispatcherServlet - Initializing Servlet 'dispatcherServlet'
2025-10-05 20:14:49.007 [http-nio-8080-exec-1] INFO  o.s.w.s.DispatcherServlet - Completed initialization in 1 ms
2025-10-05 20:14:49.062 [http-nio-8080-exec-1] INFO  c.d.d.c.ResourcePackController - Received resource pack upload request
2025-10-05 20:14:49.062 [http-nio-8080-exec-1] INFO  c.d.d.c.ResourcePackController - SHA1: 188965e5f0907762b1ac954c34f675caf66c5b10
2025-10-05 20:14:49.062 [http-nio-8080-exec-1] INFO  c.d.d.c.ResourcePackController - Filename: resourcepack.zip
2025-10-05 20:18:48.626 [http-nio-8080-exec-5] INFO  c.d.d.c.ResourcePackController - Received resource pack download request
2025-10-05 20:18:48.626 [http-nio-8080-exec-5] INFO  c.d.d.c.ResourcePackController - Resource pack file downloaded successfully
2025-10-05 20:18:48.626 [http-nio-8080-exec-5] INFO  c.d.d.c.ResourcePackController - Size: 1072 bytes
2025-10-05 20:22:36.841 [http-nio-8080-exec-4] INFO  c.d.d.c.ResourcePackController - Received resource pack upload request
2025-10-05 20:22:36.841 [http-nio-8080-exec-4] INFO  c.d.d.c.ResourcePackController - SHA1: 188965e5f0907762b1ac954c34f675caf66c5b10
2025-10-05 20:22:36.841 [http-nio-8080-exec-4] INFO  c.d.d.c.ResourcePackController - Filename: resourcepack.zip
2025-10-05 20:24:40.971 [SpringApplicationShutdownHook] INFO  o.s.b.w.e.t.GracefulShutdown - Commencing graceful shutdown. Waiting for active requests to complete
2025-10-05 20:24:40.975 [tomcat-shutdown] INFO  o.s.b.w.e.t.GracefulShutdown - Graceful shutdown complete
2025-10-05 20:24:40.978 [SpringApplicationShutdownHook] INFO  o.s.o.j.LocalContainerEntityManagerFactoryBean - Closing JPA EntityManagerFactory for persistence unit 'default'
2025-10-05 20:24:40.980 [SpringApplicationShutdownHook] INFO  c.z.h.HikariDataSource - HikariPool-1 - Shutdown initiated...
2025-10-05 20:24:40.981 [SpringApplicationShutdownHook] INFO  c.z.h.HikariDataSource - HikariPool-1 - Shutdown completed.
