2025-10-10 04:33:48.218 [main] INFO  c.d.d.DemoApplication - Starting DemoApplication using Java 21.0.7 with PID 2916 (D:\project\MC_PR\WEB\demo\build\classes\java\main started by khona in D:\project\MC_PR\WEB\demo)
2025-10-10 04:33:48.219 [main] INFO  c.d.d.DemoApplication - No active profile set, falling back to 1 default profile: "default"
2025-10-10 04:33:48.565 [main] INFO  o.s.d.r.c.RepositoryConfigurationDelegate - Bootstrapping Spring Data JPA repositories in DEFAULT mode.
2025-10-10 04:33:48.576 [main] INFO  o.s.d.r.c.RepositoryConfigurationDelegate - Finished Spring Data repository scanning in 6 ms. Found 0 JPA repository interfaces.
2025-10-10 04:33:48.815 [main] INFO  o.s.b.w.e.t.TomcatWebServer - Tomcat initialized with port 8080 (http)
2025-10-10 04:33:48.824 [main] INFO  o.a.c.h.Http11NioProtocol - Initializing ProtocolHandler ["http-nio-8080"]
2025-10-10 04:33:48.825 [main] INFO  o.a.c.c.StandardService - Starting service [Tomcat]
2025-10-10 04:33:48.825 [main] INFO  o.a.c.c.StandardEngine - Starting Servlet engine: [Apache Tomcat/10.1.46]
2025-10-10 04:33:48.856 [main] INFO  o.a.c.c.C.[.[.[/] - Initializing Spring embedded WebApplicationContext
2025-10-10 04:33:48.856 [main] INFO  o.s.b.w.s.c.ServletWebServerApplicationContext - Root WebApplicationContext: initialization completed in 612 ms
2025-10-10 04:33:48.939 [main] INFO  o.h.j.i.u.LogHelper - HHH000204: Processing PersistenceUnitInfo [name: default]
2025-10-10 04:33:48.981 [main] INFO  o.h.Version - HHH000412: Hibernate ORM core version 6.6.29.Final
2025-10-10 04:33:49.002 [main] INFO  o.h.c.i.RegionFactoryInitiator - HHH000026: Second-level cache disabled
2025-10-10 04:33:49.191 [main] INFO  o.s.o.j.p.SpringPersistenceUnitInfo - No LoadTimeWeaver setup: ignoring JPA class transformer
2025-10-10 04:33:49.210 [main] INFO  c.z.h.HikariDataSource - HikariPool-1 - Starting...
2025-10-10 04:33:49.352 [main] INFO  c.z.h.p.HikariPool - HikariPool-1 - Added connection conn0: url=jdbc:h2:file:./data/dev user=SA
2025-10-10 04:33:49.353 [main] INFO  c.z.h.HikariDataSource - HikariPool-1 - Start completed.
2025-10-10 04:33:49.373 [main] WARN  o.h.o.deprecation - HHH90000025: H2Dialect does not need to be specified explicitly using 'hibernate.dialect' (remove the property setting and it will be selected by default)
2025-10-10 04:33:49.386 [main] INFO  o.h.o.c.pooling - HHH10001005: Database info:
	Database JDBC URL [Connecting through datasource 'HikariDataSource (HikariPool-1)']
	Database driver: undefined/unknown
	Database version: 2.3.232
	Autocommit mode: undefined/unknown
	Isolation level: undefined/unknown
	Minimum pool size: undefined/unknown
	Maximum pool size: undefined/unknown
2025-10-10 04:33:49.580 [main] INFO  o.h.e.t.j.p.i.JtaPlatformInitiator - HHH000489: No JTA platform available (set 'hibernate.transaction.jta.platform' to enable JTA platform integration)
2025-10-10 04:33:49.583 [main] INFO  o.s.o.j.LocalContainerEntityManagerFactoryBean - Initialized JPA EntityManagerFactory for persistence unit 'default'
2025-10-10 04:33:49.605 [main] WARN  o.s.b.a.o.j.JpaBaseConfiguration$JpaWebConfiguration - spring.jpa.open-in-view is enabled by default. Therefore, database queries may be performed during view rendering. Explicitly configure spring.jpa.open-in-view to disable this warning
2025-10-10 04:33:49.763 [main] INFO  o.s.b.a.h.H2ConsoleAutoConfiguration - H2 console available at '/h2-console'. Database available at 'jdbc:h2:file:./data/dev'
2025-10-10 04:33:49.796 [main] INFO  o.a.c.h.Http11NioProtocol - Starting ProtocolHandler ["http-nio-8080"]
2025-10-10 04:33:49.805 [main] INFO  o.s.b.w.e.t.TomcatWebServer - Tomcat started on port 8080 (http) with context path '/'
2025-10-10 04:33:49.809 [main] INFO  c.d.d.DemoApplication - Started DemoApplication in 1.902 seconds (process running for 2.308)
2025-10-10 04:34:52.234 [http-nio-8080-exec-1] INFO  o.a.c.c.C.[.[.[/] - Initializing Spring DispatcherServlet 'dispatcherServlet'
2025-10-10 04:34:52.235 [http-nio-8080-exec-1] INFO  o.s.w.s.DispatcherServlet - Initializing Servlet 'dispatcherServlet'
2025-10-10 04:34:52.236 [http-nio-8080-exec-1] INFO  o.s.w.s.DispatcherServlet - Completed initialization in 1 ms
2025-10-10 04:34:52.284 [http-nio-8080-exec-1] INFO  c.d.d.c.ResourcePackController - Received resource pack upload request
2025-10-10 04:34:52.284 [http-nio-8080-exec-1] INFO  c.d.d.c.ResourcePackController - SHA1: 0c617317709057bf83728b1498b06d38dbf80ab8
2025-10-10 04:34:52.284 [http-nio-8080-exec-1] INFO  c.d.d.c.ResourcePackController - Filename: resourcepack.zip
2025-10-10 04:36:04.608 [SpringApplicationShutdownHook] INFO  o.s.b.w.e.t.GracefulShutdown - Commencing graceful shutdown. Waiting for active requests to complete
2025-10-10 04:36:04.610 [tomcat-shutdown] INFO  o.s.b.w.e.t.GracefulShutdown - Graceful shutdown complete
2025-10-10 04:36:04.612 [SpringApplicationShutdownHook] INFO  o.s.o.j.LocalContainerEntityManagerFactoryBean - Closing JPA EntityManagerFactory for persistence unit 'default'
2025-10-10 04:36:04.613 [SpringApplicationShutdownHook] INFO  c.z.h.HikariDataSource - HikariPool-1 - Shutdown initiated...
2025-10-10 04:36:04.818 [SpringApplicationShutdownHook] INFO  c.z.h.HikariDataSource - HikariPool-1 - Shutdown completed.
2025-10-10 04:44:07.621 [main] INFO  c.d.d.DemoApplication - Starting DemoApplication using Java 21.0.7 with PID 21204 (D:\project\MC_PR\WEB\demo\build\classes\java\main started by khona in D:\project\MC_PR\WEB\demo)
2025-10-10 04:44:07.632 [main] INFO  c.d.d.DemoApplication - No active profile set, falling back to 1 default profile: "default"
2025-10-10 04:44:08.032 [main] INFO  o.s.d.r.c.RepositoryConfigurationDelegate - Bootstrapping Spring Data JPA repositories in DEFAULT mode.
2025-10-10 04:44:08.043 [main] INFO  o.s.d.r.c.RepositoryConfigurationDelegate - Finished Spring Data repository scanning in 6 ms. Found 0 JPA repository interfaces.
2025-10-10 04:44:08.273 [main] INFO  o.s.b.w.e.t.TomcatWebServer - Tomcat initialized with port 8080 (http)
2025-10-10 04:44:08.284 [main] INFO  o.a.c.h.Http11NioProtocol - Initializing ProtocolHandler ["http-nio-8080"]
2025-10-10 04:44:08.286 [main] INFO  o.a.c.c.StandardService - Starting service [Tomcat]
2025-10-10 04:44:08.286 [main] INFO  o.a.c.c.StandardEngine - Starting Servlet engine: [Apache Tomcat/10.1.46]
2025-10-10 04:44:08.327 [main] INFO  o.a.c.c.C.[.[.[/] - Initializing Spring embedded WebApplicationContext
2025-10-10 04:44:08.327 [main] INFO  o.s.b.w.s.c.ServletWebServerApplicationContext - Root WebApplicationContext: initialization completed in 658 ms
2025-10-10 04:44:08.439 [main] INFO  o.h.j.i.u.LogHelper - HHH000204: Processing PersistenceUnitInfo [name: default]
2025-10-10 04:44:08.486 [main] INFO  o.h.Version - HHH000412: Hibernate ORM core version 6.6.29.Final
2025-10-10 04:44:08.519 [main] INFO  o.h.c.i.RegionFactoryInitiator - HHH000026: Second-level cache disabled
2025-10-10 04:44:08.728 [main] INFO  o.s.o.j.p.SpringPersistenceUnitInfo - No LoadTimeWeaver setup: ignoring JPA class transformer
2025-10-10 04:44:08.749 [main] INFO  c.z.h.HikariDataSource - HikariPool-1 - Starting...
2025-10-10 04:44:08.901 [main] INFO  c.z.h.p.HikariPool - HikariPool-1 - Added connection conn0: url=jdbc:h2:file:./data/dev user=SA
2025-10-10 04:44:08.902 [main] INFO  c.z.h.HikariDataSource - HikariPool-1 - Start completed.
2025-10-10 04:44:08.919 [main] WARN  o.h.o.deprecation - HHH90000025: H2Dialect does not need to be specified explicitly using 'hibernate.dialect' (remove the property setting and it will be selected by default)
2025-10-10 04:44:08.933 [main] INFO  o.h.o.c.pooling - HHH10001005: Database info:
	Database JDBC URL [Connecting through datasource 'HikariDataSource (HikariPool-1)']
	Database driver: undefined/unknown
	Database version: 2.3.232
	Autocommit mode: undefined/unknown
	Isolation level: undefined/unknown
	Minimum pool size: undefined/unknown
	Maximum pool size: undefined/unknown
2025-10-10 04:44:09.209 [main] INFO  o.h.e.t.j.p.i.JtaPlatformInitiator - HHH000489: No JTA platform available (set 'hibernate.transaction.jta.platform' to enable JTA platform integration)
2025-10-10 04:44:09.212 [main] INFO  o.s.o.j.LocalContainerEntityManagerFactoryBean - Initialized JPA EntityManagerFactory for persistence unit 'default'
2025-10-10 04:44:09.235 [main] WARN  o.s.b.a.o.j.JpaBaseConfiguration$JpaWebConfiguration - spring.jpa.open-in-view is enabled by default. Therefore, database queries may be performed during view rendering. Explicitly configure spring.jpa.open-in-view to disable this warning
2025-10-10 04:44:09.399 [main] INFO  o.s.b.a.h.H2ConsoleAutoConfiguration - H2 console available at '/h2-console'. Database available at 'jdbc:h2:file:./data/dev'
2025-10-10 04:44:09.433 [main] INFO  o.a.c.h.Http11NioProtocol - Starting ProtocolHandler ["http-nio-8080"]
2025-10-10 04:44:09.444 [main] INFO  o.s.b.w.e.t.TomcatWebServer - Tomcat started on port 8080 (http) with context path '/'
2025-10-10 04:44:09.449 [main] INFO  c.d.d.DemoApplication - Started DemoApplication in 2.255 seconds (process running for 2.658)
2025-10-10 04:57:34.125 [SpringApplicationShutdownHook] INFO  o.s.b.w.e.t.GracefulShutdown - Commencing graceful shutdown. Waiting for active requests to complete
2025-10-10 04:57:34.151 [tomcat-shutdown] INFO  o.s.b.w.e.t.GracefulShutdown - Graceful shutdown complete
2025-10-10 04:57:34.157 [SpringApplicationShutdownHook] INFO  o.s.o.j.LocalContainerEntityManagerFactoryBean - Closing JPA EntityManagerFactory for persistence unit 'default'
2025-10-10 04:57:34.159 [SpringApplicationShutdownHook] INFO  c.z.h.HikariDataSource - HikariPool-1 - Shutdown initiated...
2025-10-10 04:57:34.259 [SpringApplicationShutdownHook] INFO  c.z.h.HikariDataSource - HikariPool-1 - Shutdown completed.
2025-10-10 05:21:27.722 [main] INFO  c.d.d.DemoApplication - Starting DemoApplication using Java 21.0.7 with PID 12148 (D:\project\MC_PR\WEB\demo\build\classes\java\main started by khona in D:\project\MC_PR\WEB\demo)
2025-10-10 05:21:27.757 [main] INFO  c.d.d.DemoApplication - No active profile set, falling back to 1 default profile: "default"
2025-10-10 05:21:28.221 [main] INFO  o.s.d.r.c.RepositoryConfigurationDelegate - Bootstrapping Spring Data JPA repositories in DEFAULT mode.
2025-10-10 05:21:28.236 [main] INFO  o.s.d.r.c.RepositoryConfigurationDelegate - Finished Spring Data repository scanning in 8 ms. Found 0 JPA repository interfaces.
2025-10-10 05:21:28.549 [main] INFO  o.s.b.w.e.t.TomcatWebServer - Tomcat initialized with port 8080 (http)
2025-10-10 05:21:28.562 [main] INFO  o.a.c.h.Http11NioProtocol - Initializing ProtocolHandler ["http-nio-8080"]
2025-10-10 05:21:28.564 [main] INFO  o.a.c.c.StandardService - Starting service [Tomcat]
2025-10-10 05:21:28.564 [main] INFO  o.a.c.c.StandardEngine - Starting Servlet engine: [Apache Tomcat/10.1.46]
2025-10-10 05:21:28.616 [main] INFO  o.a.c.c.C.[.[.[/] - Initializing Spring embedded WebApplicationContext
2025-10-10 05:21:28.617 [main] INFO  o.s.b.w.s.c.ServletWebServerApplicationContext - Root WebApplicationContext: initialization completed in 831 ms
2025-10-10 05:21:28.747 [main] INFO  o.h.j.i.u.LogHelper - HHH000204: Processing PersistenceUnitInfo [name: default]
2025-10-10 05:21:28.957 [main] INFO  o.h.Version - HHH000412: Hibernate ORM core version 6.6.29.Final
2025-10-10 05:21:28.988 [main] INFO  o.h.c.i.RegionFactoryInitiator - HHH000026: Second-level cache disabled
2025-10-10 05:21:29.227 [main] INFO  o.s.o.j.p.SpringPersistenceUnitInfo - No LoadTimeWeaver setup: ignoring JPA class transformer
2025-10-10 05:21:29.249 [main] INFO  c.z.h.HikariDataSource - HikariPool-1 - Starting...
2025-10-10 05:21:29.426 [main] INFO  c.z.h.p.HikariPool - HikariPool-1 - Added connection conn0: url=jdbc:h2:file:./data/dev user=SA
2025-10-10 05:21:29.427 [main] INFO  c.z.h.HikariDataSource - HikariPool-1 - Start completed.
2025-10-10 05:21:29.449 [main] WARN  o.h.o.deprecation - HHH90000025: H2Dialect does not need to be specified explicitly using 'hibernate.dialect' (remove the property setting and it will be selected by default)
2025-10-10 05:21:29.465 [main] INFO  o.h.o.c.pooling - HHH10001005: Database info:
	Database JDBC URL [Connecting through datasource 'HikariDataSource (HikariPool-1)']
	Database driver: undefined/unknown
	Database version: 2.3.232
	Autocommit mode: undefined/unknown
	Isolation level: undefined/unknown
	Minimum pool size: undefined/unknown
	Maximum pool size: undefined/unknown
2025-10-10 05:21:29.742 [main] INFO  o.h.e.t.j.p.i.JtaPlatformInitiator - HHH000489: No JTA platform available (set 'hibernate.transaction.jta.platform' to enable JTA platform integration)
2025-10-10 05:21:29.747 [main] INFO  o.s.o.j.LocalContainerEntityManagerFactoryBean - Initialized JPA EntityManagerFactory for persistence unit 'default'
2025-10-10 05:21:29.782 [main] WARN  o.s.b.a.o.j.JpaBaseConfiguration$JpaWebConfiguration - spring.jpa.open-in-view is enabled by default. Therefore, database queries may be performed during view rendering. Explicitly configure spring.jpa.open-in-view to disable this warning
2025-10-10 05:21:29.969 [main] INFO  o.s.b.a.h.H2ConsoleAutoConfiguration - H2 console available at '/h2-console'. Database available at 'jdbc:h2:file:./data/dev'
2025-10-10 05:21:30.004 [main] INFO  o.a.c.h.Http11NioProtocol - Starting ProtocolHandler ["http-nio-8080"]
2025-10-10 05:21:30.016 [main] INFO  o.s.b.w.e.t.TomcatWebServer - Tomcat started on port 8080 (http) with context path '/'
2025-10-10 05:21:30.021 [main] INFO  c.d.d.DemoApplication - Started DemoApplication in 2.757 seconds (process running for 3.384)
2025-10-10 05:22:00.150 [http-nio-8080-exec-1] INFO  o.a.c.c.C.[.[.[/] - Initializing Spring DispatcherServlet 'dispatcherServlet'
2025-10-10 05:22:00.151 [http-nio-8080-exec-1] INFO  o.s.w.s.DispatcherServlet - Initializing Servlet 'dispatcherServlet'
2025-10-10 05:22:00.152 [http-nio-8080-exec-1] INFO  o.s.w.s.DispatcherServlet - Completed initialization in 1 ms
2025-10-10 05:22:00.209 [http-nio-8080-exec-1] INFO  c.d.d.c.ResourcePackController - Received resource pack upload request
2025-10-10 05:22:00.209 [http-nio-8080-exec-1] INFO  c.d.d.c.ResourcePackController - SHA1: 0c617317709057bf83728b1498b06d38dbf80ab8
2025-10-10 05:22:00.209 [http-nio-8080-exec-1] INFO  c.d.d.c.ResourcePackController - Filename: resourcepack.zip
2025-10-10 05:22:36.355 [http-nio-8080-exec-2] INFO  c.d.d.c.ResourcePackController - Received resource pack download request
2025-10-10 05:22:36.363 [http-nio-8080-exec-2] INFO  c.d.d.c.ResourcePackController - Resource pack file downloaded successfully
2025-10-10 05:22:36.364 [http-nio-8080-exec-2] INFO  c.d.d.c.ResourcePackController - Size: 2583 bytes
2025-10-10 05:47:49.086 [http-nio-8080-exec-4] INFO  c.d.d.c.ResourcePackController - Received resource pack upload request
2025-10-10 05:47:49.092 [http-nio-8080-exec-4] INFO  c.d.d.c.ResourcePackController - SHA1: 0c617317709057bf83728b1498b06d38dbf80ab8
2025-10-10 05:47:49.092 [http-nio-8080-exec-4] INFO  c.d.d.c.ResourcePackController - Filename: resourcepack.zip
2025-10-10 05:54:24.997 [http-nio-8080-exec-3] INFO  c.d.d.c.ResourcePackController - Received resource pack upload request
2025-10-10 05:54:24.997 [http-nio-8080-exec-3] INFO  c.d.d.c.ResourcePackController - SHA1: 0c617317709057bf83728b1498b06d38dbf80ab8
2025-10-10 05:54:24.997 [http-nio-8080-exec-3] INFO  c.d.d.c.ResourcePackController - Filename: resourcepack.zip
2025-10-10 06:05:21.105 [http-nio-8080-exec-6] INFO  c.d.d.c.ResourcePackController - Received resource pack upload request
2025-10-10 06:05:21.107 [http-nio-8080-exec-6] INFO  c.d.d.c.ResourcePackController - SHA1: 0c617317709057bf83728b1498b06d38dbf80ab8
2025-10-10 06:05:21.107 [http-nio-8080-exec-6] INFO  c.d.d.c.ResourcePackController - Filename: resourcepack.zip
2025-10-10 06:07:54.712 [http-nio-8080-exec-7] INFO  c.d.d.c.ResourcePackController - Received resource pack upload request
2025-10-10 06:07:54.713 [http-nio-8080-exec-7] INFO  c.d.d.c.ResourcePackController - SHA1: 0c617317709057bf83728b1498b06d38dbf80ab8
2025-10-10 06:07:54.713 [http-nio-8080-exec-7] INFO  c.d.d.c.ResourcePackController - Filename: resourcepack.zip
2025-10-10 06:11:19.033 [http-nio-8080-exec-9] INFO  c.d.d.c.ResourcePackController - Received resource pack upload request
2025-10-10 06:11:19.033 [http-nio-8080-exec-9] INFO  c.d.d.c.ResourcePackController - SHA1: 0c617317709057bf83728b1498b06d38dbf80ab8
2025-10-10 06:11:19.033 [http-nio-8080-exec-9] INFO  c.d.d.c.ResourcePackController - Filename: resourcepack.zip
2025-10-10 06:47:57.552 [http-nio-8080-exec-8] INFO  c.d.d.c.ResourcePackController - Received resource pack upload request
2025-10-10 06:47:57.553 [http-nio-8080-exec-8] INFO  c.d.d.c.ResourcePackController - SHA1: cecacfe6b95e73eb5193265776905a5a4bf59713
2025-10-10 06:47:57.553 [http-nio-8080-exec-8] INFO  c.d.d.c.ResourcePackController - Filename: resourcepack.zip
2025-10-10 06:48:42.170 [http-nio-8080-exec-1] INFO  c.d.d.c.ResourcePackController - Received resource pack download request
2025-10-10 06:48:42.171 [http-nio-8080-exec-1] INFO  c.d.d.c.ResourcePackController - Resource pack file downloaded successfully
2025-10-10 06:48:42.171 [http-nio-8080-exec-1] INFO  c.d.d.c.ResourcePackController - Size: 2853 bytes
2025-10-10 06:50:38.421 [http-nio-8080-exec-5] INFO  c.d.d.c.ResourcePackController - Received resource pack upload request
2025-10-10 06:50:38.421 [http-nio-8080-exec-5] INFO  c.d.d.c.ResourcePackController - SHA1: cecacfe6b95e73eb5193265776905a5a4bf59713
2025-10-10 06:50:38.421 [http-nio-8080-exec-5] INFO  c.d.d.c.ResourcePackController - Filename: resourcepack.zip
2025-10-10 06:57:08.002 [http-nio-8080-exec-3] INFO  c.d.d.c.ResourcePackController - Received resource pack upload request
2025-10-10 06:57:08.003 [http-nio-8080-exec-3] INFO  c.d.d.c.ResourcePackController - SHA1: cecacfe6b95e73eb5193265776905a5a4bf59713
2025-10-10 06:57:08.003 [http-nio-8080-exec-3] INFO  c.d.d.c.ResourcePackController - Filename: resourcepack.zip
2025-10-10 07:03:09.343 [http-nio-8080-exec-6] INFO  c.d.d.c.ResourcePackController - Received resource pack upload request
2025-10-10 07:03:09.343 [http-nio-8080-exec-6] INFO  c.d.d.c.ResourcePackController - SHA1: cecacfe6b95e73eb5193265776905a5a4bf59713
2025-10-10 07:03:09.343 [http-nio-8080-exec-6] INFO  c.d.d.c.ResourcePackController - Filename: resourcepack.zip
2025-10-10 07:17:06.102 [SpringApplicationShutdownHook] INFO  o.s.b.w.e.t.GracefulShutdown - Commencing graceful shutdown. Waiting for active requests to complete
2025-10-10 07:17:06.110 [tomcat-shutdown] INFO  o.s.b.w.e.t.GracefulShutdown - Graceful shutdown complete
2025-10-10 07:17:06.124 [SpringApplicationShutdownHook] INFO  o.s.o.j.LocalContainerEntityManagerFactoryBean - Closing JPA EntityManagerFactory for persistence unit 'default'
2025-10-10 07:17:06.137 [SpringApplicationShutdownHook] INFO  c.z.h.HikariDataSource - HikariPool-1 - Shutdown initiated...
2025-10-10 07:17:06.168 [SpringApplicationShutdownHook] INFO  c.z.h.HikariDataSource - HikariPool-1 - Shutdown completed.
2025-10-10 07:28:13.193 [main] INFO  c.d.d.DemoApplication - Starting DemoApplication using Java 21.0.8 with PID 29408 (C:\Project\git\WEB\demo\build\classes\java\main started by khona in C:\Project\git\WEB\demo)
2025-10-10 07:28:13.194 [main] INFO  c.d.d.DemoApplication - No active profile set, falling back to 1 default profile: "default"
2025-10-10 07:28:13.707 [main] INFO  o.s.d.r.c.RepositoryConfigurationDelegate - Bootstrapping Spring Data JPA repositories in DEFAULT mode.
2025-10-10 07:28:13.723 [main] INFO  o.s.d.r.c.RepositoryConfigurationDelegate - Finished Spring Data repository scanning in 9 ms. Found 0 JPA repository interfaces.
2025-10-10 07:28:14.026 [main] INFO  o.s.b.w.e.t.TomcatWebServer - Tomcat initialized with port 8080 (http)
2025-10-10 07:28:14.039 [main] INFO  o.a.c.h.Http11NioProtocol - Initializing ProtocolHandler ["http-nio-8080"]
2025-10-10 07:28:14.040 [main] INFO  o.a.c.c.StandardService - Starting service [Tomcat]
2025-10-10 07:28:14.040 [main] INFO  o.a.c.c.StandardEngine - Starting Servlet engine: [Apache Tomcat/10.1.46]
2025-10-10 07:28:14.084 [main] INFO  o.a.c.c.C.[.[.[/] - Initializing Spring embedded WebApplicationContext
2025-10-10 07:28:14.085 [main] INFO  o.s.b.w.s.c.ServletWebServerApplicationContext - Root WebApplicationContext: initialization completed in 852 ms
2025-10-10 07:28:14.209 [main] INFO  o.h.j.i.u.LogHelper - HHH000204: Processing PersistenceUnitInfo [name: default]
2025-10-10 07:28:14.262 [main] INFO  o.h.Version - HHH000412: Hibernate ORM core version 6.6.29.Final
2025-10-10 07:28:14.296 [main] INFO  o.h.c.i.RegionFactoryInitiator - HHH000026: Second-level cache disabled
2025-10-10 07:28:14.587 [main] INFO  o.s.o.j.p.SpringPersistenceUnitInfo - No LoadTimeWeaver setup: ignoring JPA class transformer
2025-10-10 07:28:14.633 [main] INFO  c.z.h.HikariDataSource - HikariPool-1 - Starting...
2025-10-10 07:28:14.908 [main] INFO  c.z.h.p.HikariPool - HikariPool-1 - Added connection conn0: url=jdbc:h2:file:./data/dev user=SA
2025-10-10 07:28:14.910 [main] INFO  c.z.h.HikariDataSource - HikariPool-1 - Start completed.
2025-10-10 07:28:14.933 [main] WARN  o.h.o.deprecation - HHH90000025: H2Dialect does not need to be specified explicitly using 'hibernate.dialect' (remove the property setting and it will be selected by default)
2025-10-10 07:28:14.951 [main] INFO  o.h.o.c.pooling - HHH10001005: Database info:
	Database JDBC URL [Connecting through datasource 'HikariDataSource (HikariPool-1)']
	Database driver: undefined/unknown
	Database version: 2.3.232
	Autocommit mode: undefined/unknown
	Isolation level: undefined/unknown
	Minimum pool size: undefined/unknown
	Maximum pool size: undefined/unknown
2025-10-10 07:28:15.241 [main] INFO  o.h.e.t.j.p.i.JtaPlatformInitiator - HHH000489: No JTA platform available (set 'hibernate.transaction.jta.platform' to enable JTA platform integration)
2025-10-10 07:28:15.245 [main] INFO  o.s.o.j.LocalContainerEntityManagerFactoryBean - Initialized JPA EntityManagerFactory for persistence unit 'default'
2025-10-10 07:28:15.279 [main] WARN  o.s.b.a.o.j.JpaBaseConfiguration$JpaWebConfiguration - spring.jpa.open-in-view is enabled by default. Therefore, database queries may be performed during view rendering. Explicitly configure spring.jpa.open-in-view to disable this warning
2025-10-10 07:28:15.535 [main] INFO  o.s.b.a.h.H2ConsoleAutoConfiguration - H2 console available at '/h2-console'. Database available at 'jdbc:h2:file:./data/dev'
2025-10-10 07:28:15.582 [main] INFO  o.a.c.h.Http11NioProtocol - Starting ProtocolHandler ["http-nio-8080"]
2025-10-10 07:28:15.594 [main] INFO  o.s.b.w.e.t.TomcatWebServer - Tomcat started on port 8080 (http) with context path '/'
2025-10-10 07:28:15.600 [main] INFO  c.d.d.DemoApplication - Started DemoApplication in 2.941 seconds (process running for 3.437)
2025-10-10 07:58:21.417 [http-nio-8080-exec-1] INFO  o.a.c.c.C.[.[.[/] - Initializing Spring DispatcherServlet 'dispatcherServlet'
2025-10-10 07:58:21.417 [http-nio-8080-exec-1] INFO  o.s.w.s.DispatcherServlet - Initializing Servlet 'dispatcherServlet'
2025-10-10 07:58:21.418 [http-nio-8080-exec-1] INFO  o.s.w.s.DispatcherServlet - Completed initialization in 1 ms
2025-10-10 07:58:21.522 [http-nio-8080-exec-1] INFO  c.d.d.c.ResourcePackController - Received resource pack upload request
2025-10-10 07:58:21.522 [http-nio-8080-exec-1] INFO  c.d.d.c.ResourcePackController - SHA1: cecacfe6b95e73eb5193265776905a5a4bf59713
2025-10-10 07:58:21.522 [http-nio-8080-exec-1] INFO  c.d.d.c.ResourcePackController - Filename: resourcepack.zip
2025-10-10 08:04:49.780 [http-nio-8080-exec-5] INFO  c.d.d.c.ResourcePackController - Received resource pack download request
2025-10-10 08:04:49.780 [http-nio-8080-exec-5] INFO  c.d.d.c.ResourcePackController - Resource pack file downloaded successfully
2025-10-10 08:04:49.780 [http-nio-8080-exec-5] INFO  c.d.d.c.ResourcePackController - Size: 2853 bytes
2025-10-10 08:06:06.826 [http-nio-8080-exec-4] INFO  c.d.d.c.ResourcePackController - Received resource pack upload request
2025-10-10 08:06:06.826 [http-nio-8080-exec-4] INFO  c.d.d.c.ResourcePackController - SHA1: cecacfe6b95e73eb5193265776905a5a4bf59713
2025-10-10 08:06:06.826 [http-nio-8080-exec-4] INFO  c.d.d.c.ResourcePackController - Filename: resourcepack.zip
2025-10-10 08:13:43.854 [http-nio-8080-exec-6] INFO  c.d.d.c.ResourcePackController - Received resource pack upload request
2025-10-10 08:13:43.854 [http-nio-8080-exec-6] INFO  c.d.d.c.ResourcePackController - SHA1: cecacfe6b95e73eb5193265776905a5a4bf59713
2025-10-10 08:13:43.854 [http-nio-8080-exec-6] INFO  c.d.d.c.ResourcePackController - Filename: resourcepack.zip
2025-10-10 08:17:57.057 [http-nio-8080-exec-7] INFO  c.d.d.c.ResourcePackController - Received resource pack upload request
2025-10-10 08:17:57.057 [http-nio-8080-exec-7] INFO  c.d.d.c.ResourcePackController - SHA1: cecacfe6b95e73eb5193265776905a5a4bf59713
2025-10-10 08:17:57.057 [http-nio-8080-exec-7] INFO  c.d.d.c.ResourcePackController - Filename: resourcepack.zip
2025-10-10 08:19:31.541 [http-nio-8080-exec-9] INFO  c.d.d.c.ResourcePackController - Received resource pack upload request
2025-10-10 08:19:31.541 [http-nio-8080-exec-9] INFO  c.d.d.c.ResourcePackController - SHA1: cecacfe6b95e73eb5193265776905a5a4bf59713
2025-10-10 08:19:31.541 [http-nio-8080-exec-9] INFO  c.d.d.c.ResourcePackController - Filename: resourcepack.zip
2025-10-10 08:23:27.082 [http-nio-8080-exec-1] INFO  c.d.d.c.ResourcePackController - Received resource pack upload request
2025-10-10 08:23:27.083 [http-nio-8080-exec-1] INFO  c.d.d.c.ResourcePackController - SHA1: cecacfe6b95e73eb5193265776905a5a4bf59713
2025-10-10 08:23:27.083 [http-nio-8080-exec-1] INFO  c.d.d.c.ResourcePackController - Filename: resourcepack.zip
2025-10-10 08:46:31.043 [http-nio-8080-exec-3] INFO  c.d.d.c.ResourcePackController - Received resource pack upload request
2025-10-10 08:46:31.043 [http-nio-8080-exec-3] INFO  c.d.d.c.ResourcePackController - SHA1: cecacfe6b95e73eb5193265776905a5a4bf59713
2025-10-10 08:46:31.043 [http-nio-8080-exec-3] INFO  c.d.d.c.ResourcePackController - Filename: resourcepack.zip
2025-10-10 08:57:25.541 [http-nio-8080-exec-2] INFO  c.d.d.c.ResourcePackController - Received resource pack upload request
2025-10-10 08:57:25.541 [http-nio-8080-exec-2] INFO  c.d.d.c.ResourcePackController - SHA1: cecacfe6b95e73eb5193265776905a5a4bf59713
2025-10-10 08:57:25.541 [http-nio-8080-exec-2] INFO  c.d.d.c.ResourcePackController - Filename: resourcepack.zip
2025-10-10 09:05:53.505 [http-nio-8080-exec-7] INFO  c.d.d.c.ResourcePackController - Received resource pack upload request
2025-10-10 09:05:53.507 [http-nio-8080-exec-7] INFO  c.d.d.c.ResourcePackController - SHA1: cecacfe6b95e73eb5193265776905a5a4bf59713
2025-10-10 09:05:53.507 [http-nio-8080-exec-7] INFO  c.d.d.c.ResourcePackController - Filename: resourcepack.zip
2025-10-10 09:10:30.879 [http-nio-8080-exec-9] INFO  c.d.d.c.ResourcePackController - Received resource pack upload request
2025-10-10 09:10:30.879 [http-nio-8080-exec-9] INFO  c.d.d.c.ResourcePackController - SHA1: cecacfe6b95e73eb5193265776905a5a4bf59713
2025-10-10 09:10:30.879 [http-nio-8080-exec-9] INFO  c.d.d.c.ResourcePackController - Filename: resourcepack.zip
2025-10-10 09:13:49.824 [http-nio-8080-exec-1] INFO  c.d.d.c.ResourcePackController - Received resource pack upload request
2025-10-10 09:13:49.824 [http-nio-8080-exec-1] INFO  c.d.d.c.ResourcePackController - SHA1: cecacfe6b95e73eb5193265776905a5a4bf59713
2025-10-10 09:13:49.824 [http-nio-8080-exec-1] INFO  c.d.d.c.ResourcePackController - Filename: resourcepack.zip
2025-10-10 09:21:11.182 [http-nio-8080-exec-3] INFO  c.d.d.c.ResourcePackController - Received resource pack upload request
2025-10-10 09:21:11.183 [http-nio-8080-exec-3] INFO  c.d.d.c.ResourcePackController - SHA1: cecacfe6b95e73eb5193265776905a5a4bf59713
2025-10-10 09:21:11.183 [http-nio-8080-exec-3] INFO  c.d.d.c.ResourcePackController - Filename: resourcepack.zip
2025-10-10 09:23:23.321 [SpringApplicationShutdownHook] INFO  o.s.b.w.e.t.GracefulShutdown - Commencing graceful shutdown. Waiting for active requests to complete
2025-10-10 09:23:23.329 [tomcat-shutdown] INFO  o.s.b.w.e.t.GracefulShutdown - Graceful shutdown complete
2025-10-10 09:23:23.343 [SpringApplicationShutdownHook] INFO  o.s.o.j.LocalContainerEntityManagerFactoryBean - Closing JPA EntityManagerFactory for persistence unit 'default'
2025-10-10 09:23:23.348 [SpringApplicationShutdownHook] INFO  c.z.h.HikariDataSource - HikariPool-1 - Shutdown initiated...
2025-10-10 09:23:23.369 [SpringApplicationShutdownHook] INFO  c.z.h.HikariDataSource - HikariPool-1 - Shutdown completed.
