2025-10-14 07:12:00.704 [main] INFO  c.d.d.DemoApplication - Starting DemoApplication using Java 21.0.7 with PID 2696 (D:\project\MC_PR\WEB\demo\build\classes\java\main started by khona in D:\project\MC_PR\WEB\demo)
2025-10-14 07:12:00.705 [main] INFO  c.d.d.DemoApplication - No active profile set, falling back to 1 default profile: "default"
2025-10-14 07:12:01.010 [main] INFO  o.s.d.r.c.RepositoryConfigurationDelegate - Bootstrapping Spring Data JPA repositories in DEFAULT mode.
2025-10-14 07:12:01.020 [main] INFO  o.s.d.r.c.RepositoryConfigurationDelegate - Finished Spring Data repository scanning in 5 ms. Found 0 JPA repository interfaces.
2025-10-14 07:12:01.229 [main] INFO  o.s.b.w.e.t.TomcatWebServer - Tomcat initialized with port 8080 (http)
2025-10-14 07:12:01.244 [main] INFO  o.a.c.h.Http11NioProtocol - Initializing ProtocolHandler ["http-nio-8080"]
2025-10-14 07:12:01.245 [main] INFO  o.a.c.c.StandardService - Starting service [Tomcat]
2025-10-14 07:12:01.245 [main] INFO  o.a.c.c.StandardEngine - Starting Servlet engine: [Apache Tomcat/10.1.46]
2025-10-14 07:12:01.271 [main] INFO  o.a.c.c.C.[.[.[/] - Initializing Spring embedded WebApplicationContext
2025-10-14 07:12:01.271 [main] INFO  o.s.b.w.s.c.ServletWebServerApplicationContext - Root WebApplicationContext: initialization completed in 546 ms
2025-10-14 07:12:01.353 [main] INFO  o.h.j.i.u.LogHelper - HHH000204: Processing PersistenceUnitInfo [name: default]
2025-10-14 07:12:01.388 [main] INFO  o.h.Version - HHH000412: Hibernate ORM core version 6.6.29.Final
2025-10-14 07:12:01.405 [main] INFO  o.h.c.i.RegionFactoryInitiator - HHH000026: Second-level cache disabled
2025-10-14 07:12:01.580 [main] INFO  o.s.o.j.p.SpringPersistenceUnitInfo - No LoadTimeWeaver setup: ignoring JPA class transformer
2025-10-14 07:12:01.601 [main] INFO  c.z.h.HikariDataSource - HikariPool-1 - Starting...
2025-10-14 07:12:01.723 [main] INFO  c.z.h.p.HikariPool - HikariPool-1 - Added connection conn0: url=jdbc:h2:file:./data/dev user=SA
2025-10-14 07:12:01.724 [main] INFO  c.z.h.HikariDataSource - HikariPool-1 - Start completed.
2025-10-14 07:12:01.738 [main] WARN  o.h.o.deprecation - HHH90000025: H2Dialect does not need to be specified explicitly using 'hibernate.dialect' (remove the property setting and it will be selected by default)
2025-10-14 07:12:01.749 [main] INFO  o.h.o.c.pooling - HHH10001005: Database info:
	Database JDBC URL [Connecting through datasource 'HikariDataSource (HikariPool-1)']
	Database driver: undefined/unknown
	Database version: 2.3.232
	Autocommit mode: undefined/unknown
	Isolation level: undefined/unknown
	Minimum pool size: undefined/unknown
	Maximum pool size: undefined/unknown
2025-10-14 07:12:01.926 [main] INFO  o.h.e.t.j.p.i.JtaPlatformInitiator - HHH000489: No JTA platform available (set 'hibernate.transaction.jta.platform' to enable JTA platform integration)
2025-10-14 07:12:01.928 [main] INFO  o.s.o.j.LocalContainerEntityManagerFactoryBean - Initialized JPA EntityManagerFactory for persistence unit 'default'
2025-10-14 07:12:01.946 [main] WARN  o.s.b.a.o.j.JpaBaseConfiguration$JpaWebConfiguration - spring.jpa.open-in-view is enabled by default. Therefore, database queries may be performed during view rendering. Explicitly configure spring.jpa.open-in-view to disable this warning
2025-10-14 07:12:02.083 [main] INFO  o.s.b.a.h.H2ConsoleAutoConfiguration - H2 console available at '/h2-console'. Database available at 'jdbc:h2:file:./data/dev'
2025-10-14 07:12:02.115 [main] INFO  o.a.c.h.Http11NioProtocol - Starting ProtocolHandler ["http-nio-8080"]
2025-10-14 07:12:02.124 [main] INFO  o.s.b.w.e.t.TomcatWebServer - Tomcat started on port 8080 (http) with context path '/'
2025-10-14 07:12:02.127 [main] INFO  c.d.d.DemoApplication - Started DemoApplication in 1.705 seconds (process running for 2.033)
2025-10-14 07:12:22.125 [SpringApplicationShutdownHook] INFO  o.s.b.w.e.t.GracefulShutdown - Commencing graceful shutdown. Waiting for active requests to complete
2025-10-14 07:12:22.127 [tomcat-shutdown] INFO  o.s.b.w.e.t.GracefulShutdown - Graceful shutdown complete
2025-10-14 07:12:22.129 [SpringApplicationShutdownHook] INFO  o.s.o.j.LocalContainerEntityManagerFactoryBean - Closing JPA EntityManagerFactory for persistence unit 'default'
2025-10-14 07:12:22.130 [SpringApplicationShutdownHook] INFO  c.z.h.HikariDataSource - HikariPool-1 - Shutdown initiated...
2025-10-14 07:12:22.153 [SpringApplicationShutdownHook] INFO  c.z.h.HikariDataSource - HikariPool-1 - Shutdown completed.
2025-10-14 07:15:32.557 [main] INFO  c.d.d.DemoApplication - Starting DemoApplication using Java 21.0.7 with PID 24504 (D:\project\MC_PR\WEB\demo\build\classes\java\main started by khona in D:\project\MC_PR\WEB\demo)
2025-10-14 07:15:32.563 [main] INFO  c.d.d.DemoApplication - No active profile set, falling back to 1 default profile: "default"
2025-10-14 07:15:32.993 [main] INFO  o.s.d.r.c.RepositoryConfigurationDelegate - Bootstrapping Spring Data JPA repositories in DEFAULT mode.
2025-10-14 07:15:33.008 [main] INFO  o.s.d.r.c.RepositoryConfigurationDelegate - Finished Spring Data repository scanning in 7 ms. Found 0 JPA repository interfaces.
2025-10-14 07:15:33.295 [main] INFO  o.s.b.w.e.t.TomcatWebServer - Tomcat initialized with port 8080 (http)
2025-10-14 07:15:33.304 [main] INFO  o.a.c.h.Http11NioProtocol - Initializing ProtocolHandler ["http-nio-8080"]
2025-10-14 07:15:33.305 [main] INFO  o.a.c.c.StandardService - Starting service [Tomcat]
2025-10-14 07:15:33.305 [main] INFO  o.a.c.c.StandardEngine - Starting Servlet engine: [Apache Tomcat/10.1.47]
2025-10-14 07:15:33.345 [main] INFO  o.a.c.c.C.[.[.[/] - Initializing Spring embedded WebApplicationContext
2025-10-14 07:15:33.345 [main] INFO  o.s.b.w.s.c.ServletWebServerApplicationContext - Root WebApplicationContext: initialization completed in 752 ms
2025-10-14 07:15:33.466 [main] INFO  o.h.j.i.u.LogHelper - HHH000204: Processing PersistenceUnitInfo [name: default]
2025-10-14 07:15:33.518 [main] INFO  o.h.Version - HHH000412: Hibernate ORM core version 6.6.33.Final
2025-10-14 07:15:33.544 [main] INFO  o.h.c.i.RegionFactoryInitiator - HHH000026: Second-level cache disabled
2025-10-14 07:15:33.730 [main] INFO  o.s.o.j.p.SpringPersistenceUnitInfo - No LoadTimeWeaver setup: ignoring JPA class transformer
2025-10-14 07:15:33.750 [main] INFO  c.z.h.HikariDataSource - HikariPool-1 - Starting...
2025-10-14 07:15:33.894 [main] INFO  c.z.h.p.HikariPool - HikariPool-1 - Added connection conn0: url=jdbc:h2:file:./data/dev user=SA
2025-10-14 07:15:33.895 [main] INFO  c.z.h.HikariDataSource - HikariPool-1 - Start completed.
2025-10-14 07:15:33.914 [main] WARN  o.h.o.deprecation - HHH90000025: H2Dialect does not need to be specified explicitly using 'hibernate.dialect' (remove the property setting and it will be selected by default)
2025-10-14 07:15:33.929 [main] INFO  o.h.o.c.pooling - HHH10001005: Database info:
	Database JDBC URL [Connecting through datasource 'HikariDataSource (HikariPool-1)']
	Database driver: undefined/unknown
	Database version: 2.3.232
	Autocommit mode: undefined/unknown
	Isolation level: undefined/unknown
	Minimum pool size: undefined/unknown
	Maximum pool size: undefined/unknown
2025-10-14 07:15:34.113 [main] INFO  o.h.e.t.j.p.i.JtaPlatformInitiator - HHH000489: No JTA platform available (set 'hibernate.transaction.jta.platform' to enable JTA platform integration)
2025-10-14 07:15:34.115 [main] INFO  o.s.o.j.LocalContainerEntityManagerFactoryBean - Initialized JPA EntityManagerFactory for persistence unit 'default'
2025-10-14 07:15:34.143 [main] WARN  o.s.b.a.o.j.JpaBaseConfiguration$JpaWebConfiguration - spring.jpa.open-in-view is enabled by default. Therefore, database queries may be performed during view rendering. Explicitly configure spring.jpa.open-in-view to disable this warning
2025-10-14 07:15:34.343 [main] INFO  o.s.b.a.h.H2ConsoleAutoConfiguration - H2 console available at '/h2-console'. Database available at 'jdbc:h2:file:./data/dev'
2025-10-14 07:15:34.382 [main] INFO  o.a.c.h.Http11NioProtocol - Starting ProtocolHandler ["http-nio-8080"]
2025-10-14 07:15:34.400 [main] INFO  o.s.b.w.e.t.TomcatWebServer - Tomcat started on port 8080 (http) with context path '/'
2025-10-14 07:15:34.404 [main] INFO  c.d.d.DemoApplication - Started DemoApplication in 2.221 seconds (process running for 2.485)
2025-10-14 07:16:15.646 [http-nio-8080-exec-1] INFO  o.a.c.c.C.[.[.[/] - Initializing Spring DispatcherServlet 'dispatcherServlet'
2025-10-14 07:16:15.646 [http-nio-8080-exec-1] INFO  o.s.w.s.DispatcherServlet - Initializing Servlet 'dispatcherServlet'
2025-10-14 07:16:15.647 [http-nio-8080-exec-1] INFO  o.s.w.s.DispatcherServlet - Completed initialization in 1 ms
2025-10-14 07:16:15.709 [http-nio-8080-exec-1] INFO  c.d.d.c.ResourcePackController - Received resource pack upload request
2025-10-14 07:16:15.709 [http-nio-8080-exec-1] INFO  c.d.d.c.ResourcePackController - SHA1: d27f1efc69b4a65b88ca28682f04102be5c5c01c
2025-10-14 07:16:15.709 [http-nio-8080-exec-1] INFO  c.d.d.c.ResourcePackController - Filename: resourcepack.zip
2025-10-14 07:16:26.711 [http-nio-8080-exec-2] INFO  c.d.d.c.ResourcePackController - Received resource pack download request
2025-10-14 07:16:26.712 [http-nio-8080-exec-2] INFO  c.d.d.c.ResourcePackController - Resource pack file downloaded successfully
2025-10-14 07:16:26.712 [http-nio-8080-exec-2] INFO  c.d.d.c.ResourcePackController - Size: 3303 bytes
2025-10-14 07:17:08.991 [http-nio-8080-exec-3] INFO  c.d.d.c.ResourcePackController - Received resource pack upload request
2025-10-14 07:17:08.992 [http-nio-8080-exec-3] INFO  c.d.d.c.ResourcePackController - SHA1: d27f1efc69b4a65b88ca28682f04102be5c5c01c
2025-10-14 07:17:08.992 [http-nio-8080-exec-3] INFO  c.d.d.c.ResourcePackController - Filename: resourcepack.zip
2025-10-14 07:20:47.973 [http-nio-8080-exec-5] INFO  c.d.d.c.ResourcePackController - Received resource pack upload request
2025-10-14 07:20:47.973 [http-nio-8080-exec-5] INFO  c.d.d.c.ResourcePackController - SHA1: d27f1efc69b4a65b88ca28682f04102be5c5c01c
2025-10-14 07:20:47.973 [http-nio-8080-exec-5] INFO  c.d.d.c.ResourcePackController - Filename: resourcepack.zip
2025-10-14 07:21:29.610 [http-nio-8080-exec-7] INFO  c.d.d.c.ResourcePackController - Received resource pack upload request
2025-10-14 07:21:29.610 [http-nio-8080-exec-7] INFO  c.d.d.c.ResourcePackController - SHA1: d27f1efc69b4a65b88ca28682f04102be5c5c01c
2025-10-14 07:21:29.610 [http-nio-8080-exec-7] INFO  c.d.d.c.ResourcePackController - Filename: resourcepack.zip
2025-10-14 07:28:56.153 [http-nio-8080-exec-9] INFO  c.d.d.c.ResourcePackController - Received resource pack upload request
2025-10-14 07:28:56.154 [http-nio-8080-exec-9] INFO  c.d.d.c.ResourcePackController - SHA1: d27f1efc69b4a65b88ca28682f04102be5c5c01c
2025-10-14 07:28:56.154 [http-nio-8080-exec-9] INFO  c.d.d.c.ResourcePackController - Filename: resourcepack.zip
2025-10-14 07:31:22.345 [http-nio-8080-exec-1] INFO  c.d.d.c.ResourcePackController - Received resource pack upload request
2025-10-14 07:31:22.346 [http-nio-8080-exec-1] INFO  c.d.d.c.ResourcePackController - SHA1: d27f1efc69b4a65b88ca28682f04102be5c5c01c
2025-10-14 07:31:22.346 [http-nio-8080-exec-1] INFO  c.d.d.c.ResourcePackController - Filename: resourcepack.zip
